<!-- Loading shared library : /opt/ilcsoft/muonc/MarlinDD4hep/v00-06/lib/libMarlinDD4hep.so.0.6.0 (libMarlinDD4hep.so)-->
<!-- Loading shared library : /opt/ilcsoft/muonc/DDMarlinPandora/v00-13-MC/lib/libDDMarlinPandora.so.0.13.0 (libDDMarlinPandora.so)-->
<!-- Loading shared library : /opt/ilcsoft/muonc/MarlinReco/v01-31/lib/libMarlinReco.so.1.31.0 (libMarlinReco.so)-->
<!-- Loading shared library : /opt/ilcsoft/muonc/PandoraAnalysis/v02-00-01/lib/libPandoraAnalysis.so.2.0.1 (libPandoraAnalysis.so)-->
<!-- Loading shared library : /opt/ilcsoft/muonc/LCFIVertex/v00-08/lib/libLCFIVertexProcessors.so.0.8.0 (libLCFIVertexProcessors.so)-->
<!-- Loading shared library : /opt/ilcsoft/muonc/CEDViewer/v01-18/lib/libCEDViewer.so.1.18.0 (libCEDViewer.so)-->
<!-- Loading shared library : /opt/ilcsoft/muonc/Overlay/v00-23-MC/lib/libOverlay.so.0.23.0 (libOverlay.so)-->
<!-- Loading shared library : /opt/ilcsoft/muonc/MarlinFastJet/v00-05-02/lib/libMarlinFastJet.so.0.5.2 (libMarlinFastJet.so)-->
<!-- Loading shared library : /opt/ilcsoft/muonc/LCTuple/v01-14-MC/lib/libLCTuple.so.1.14.0 (libLCTuple.so)-->
<!-- Loading shared library : /opt/ilcsoft/muonc/MarlinKinfit/v00-06/lib/libMarlinKinfit.so.0.6.0 (libMarlinKinfit.so)-->
<!-- Loading shared library : /opt/ilcsoft/muonc/MarlinTrkProcessors/v02-13-MC/lib/libMarlinTrkProcessors.so.2.13.0 (libMarlinTrkProcessors.so)-->
<!-- Loading shared library : /opt/ilcsoft/muonc/MarlinKinfitProcessors/v00-04-02/lib/libMarlinKinfitProcessors.so.0.4.2 (libMarlinKinfitProcessors.so)-->
<!-- Loading shared library : /opt/ilcsoft/muonc/ILDPerformance/v01-08/lib/libILDPerformance.so.1.8.0 (libILDPerformance.so)-->
<!-- Loading shared library : /opt/ilcsoft/muonc/ClicPerformance/HEAD/lib/libClicPerformance.so.2.4.1 (libClicPerformance.so)-->
<!-- Loading shared library : /opt/ilcsoft/muonc/Clupatra/v01-03/lib/libClupatra.so.1.3.0 (libClupatra.so)-->
<!-- Loading shared library : /opt/ilcsoft/muonc/Physsim/v00-04-01/lib/libPhyssim.so.0.4.1 (libPhyssim.so)-->
<!-- Loading shared library : /opt/ilcsoft/muonc/LCFIPlus/v00-09/lib/libLCFIPlus.so.0.8.0 (libLCFIPlus.so)-->
<!-- Loading shared library : /opt/ilcsoft/muonc/FCalClusterer/v01-00-01/lib/libFCalClusterer.so (libFCalClusterer.so)-->
<!-- Loading shared library : /opt/ilcsoft/muonc/ForwardTracking/v01-14-MC/lib/libForwardTracking.so.1.14.0 (libForwardTracking.so)-->
<!-- Loading shared library : /opt/ilcsoft/muonc/ConformalTracking/v01-12-MC/lib/libConformalTracking.so.1.12.0 (libConformalTracking.so)-->
<!-- Loading shared library : /opt/ilcsoft/muonc/LICH/v00-01/lib/libLICH.so.0.1.0 (libLICH.so)-->
<!-- Loading shared library : /opt/ilcsoft/muonc/Garlic/v03-01/lib/libGarlic.so.3.1.0 (libGarlic.so)-->
<!-- Loading shared library : /opt/ilcsoft/muonc/ACTSTracking/v1.0.0/lib/libACTSTracking.so (libACTSTracking.so)-->

 XMLParser::parse - group not found : PfOSelector
[ MESSAGE "Marlin"]  ---- no GEAR XML file given  --------- 
[ MESSAGE "MyAIDAProcessor"] 
[ MESSAGE "MyAIDAProcessor"] ---- MyAIDAProcessor -  parameters: 
[ MESSAGE "MyAIDAProcessor"] 	Compress:  1
[ MESSAGE "MyAIDAProcessor"] 	FileName:  tauHists
[ MESSAGE "MyAIDAProcessor"] 	FileType:  root
[ MESSAGE "MyAIDAProcessor"] -------------------------------------------------
[ VERBOSE "MyAIDAProcessor"] ---------------------------------- R A I D A ----------------------------------
[ VERBOSE "MyAIDAProcessor"] ROOT Implementation of the Abstract Interfaces for Data Analysis (AIDA v3.2.1)
[ VERBOSE "MyAIDAProcessor"] 
[ VERBOSE "MyAIDAProcessor"] RAIDA Version: not supported by cvs2svn
[ VERBOSE "MyAIDAProcessor"] 
[ VERBOSE "MyAIDAProcessor"] RAIDA only creates simple ROOT histograms
[ VERBOSE "MyAIDAProcessor"] Used ROOT Release: 6.22/06
[ VERBOSE "MyAIDAProcessor"] -------------------------------------------------------------------------------
[ VERBOSE "MyAIDAProcessor"] 
[ MESSAGE "EventNumber"] 
[ MESSAGE "EventNumber"] ---- EventNumber -  parameters: 
[ MESSAGE "EventNumber"] 	HowOften:  1
[ MESSAGE "EventNumber"] 	Verbosity:  MESSAGE
[ MESSAGE "EventNumber"] -------------------------------------------------
[ MESSAGE "InitDD4hep"]  -------------------------------------
[ MESSAGE "InitDD4hep"]  ---- Initializing DD4hep from file  /work/rosep8/MuC-Tutorial/reconstruction/MuColl_v1/MuColl_mod.xml ... 
Info in <TGeoManager::TGeoManager>: Geometry default, Detector Geometry created
Info in <TGeoNavigator::BuildCache>: --- Maximum geometry depth set to 100
PersistencyIO    INFO  +++ Set Streamer to dd4hep::OpaqueDataBlock
DocumentHandler  INFO  +++ Loading document URI: /work/rosep8/MuC-Tutorial/reconstruction/MuColl_v1/MuColl_mod.xml [Resolved:'/work/rosep8/MuC-Tutorial/reconstruction/MuColl_v1/MuColl_mod.xml']
DocumentHandler  INFO  +++ Document /work/rosep8/MuC-Tutorial/reconstruction/MuColl_v1/MuColl_mod.xml succesfully parsed with TinyXML .....
DocumentHandler  INFO  +++ Loading document URI: /work/rosep8/MuC-Tutorial/reconstruction/MuColl_v1/elements.xml [Resolved:'/work/rosep8/MuC-Tutorial/reconstruction/MuColl_v1/elements.xml']
DocumentHandler  INFO  +++ Document /work/rosep8/MuC-Tutorial/reconstruction/MuColl_v1/elements.xml succesfully parsed with TinyXML .....
DocumentHandler  INFO  +++ Loading document URI: /work/rosep8/MuC-Tutorial/reconstruction/MuColl_v1/materials.xml [Resolved:'/work/rosep8/MuC-Tutorial/reconstruction/MuColl_v1/materials.xml']
DocumentHandler  INFO  +++ Document /work/rosep8/MuC-Tutorial/reconstruction/MuColl_v1/materials.xml succesfully parsed with TinyXML .....
DD4hep           WARN  ++ STD conditions NOT defined by client. NTP defaults taken.
Info in <TGeoManager::SetTopVolume>: Top volume is world_volume. Master volume is world_volume
Detector         INFO  *********** Created World volume with size: 3000 3000 3000
DocumentHandler  INFO  +++ Loading document URI: /opt/ilcsoft/muonc/DD4hep/v01-16/DDDetectors/compact/detector_types.xml [Resolved:'/opt/ilcsoft/muonc/DD4hep/v01-16/DDDetectors/compact/detector_types.xml']
DocumentHandler  INFO  +++ Document /opt/ilcsoft/muonc/DD4hep/v01-16/DDDetectors/compact/detector_types.xml succesfully parsed with TinyXML .....
DocumentHandler  INFO  +++ Loading document URI: /work/rosep8/MuC-Tutorial/reconstruction/MuColl_v1/Beampipe_o1_v01_02.xml [Resolved:'/work/rosep8/MuC-Tutorial/reconstruction/MuColl_v1/Beampipe_o1_v01_02.xml']
DocumentHandler  INFO  +++ Document /work/rosep8/MuC-Tutorial/reconstruction/MuColl_v1/Beampipe_o1_v01_02.xml succesfully parsed with TinyXML .....
Compact          INFO  ++ Converted subdetector:BeampipeInner of type DD4hep_PolyconeSupport 
Compact          INFO  ++ Converted subdetector:BeampipeOuter of type DD4hep_PolyconeSupport 
DocumentHandler  INFO  +++ Loading document URI: /work/rosep8/MuC-Tutorial/reconstruction/MuColl_v1/Nozzle_10deg_v0.xml [Resolved:'/work/rosep8/MuC-Tutorial/reconstruction/MuColl_v1/Nozzle_10deg_v0.xml']
DocumentHandler  INFO  +++ Document /work/rosep8/MuC-Tutorial/reconstruction/MuColl_v1/Nozzle_10deg_v0.xml succesfully parsed with TinyXML .....
Compact          INFO  ++ Converted subdetector:NozzleW_right of type DD4hep_PolyconeSupport 
Compact          INFO  ++ Converted subdetector:NozzleW_left of type DD4hep_PolyconeSupport 
Compact          INFO  ++ Converted subdetector:NozzleBCH_right of type DD4hep_PolyconeSupport 
Compact          INFO  ++ Converted subdetector:NozzleBCH_left of type DD4hep_PolyconeSupport 
DocumentHandler  INFO  +++ Loading document URI: /work/rosep8/MuC-Tutorial/reconstruction/MuColl_v1/Vertex_o2_v06_01.xml [Resolved:'/work/rosep8/MuC-Tutorial/reconstruction/MuColl_v1/Vertex_o2_v06_01.xml']
DocumentHandler  INFO  +++ Document /work/rosep8/MuC-Tutorial/reconstruction/MuColl_v1/Vertex_o2_v06_01.xml succesfully parsed with TinyXML .....
Utilities        INFO  +++ setDetectorTypeFlags for detector :Vertex no xml element <type_flags/> found - nothing to set 
Compact          INFO  ++ Converted subdetector:Vertex of type DD4hep_SubdetectorAssembly 
Compact          INFO  ++ Converted subdetector:VertexBarrel of type ZSegmentedPlanarTracker [tracker]
[ VERBOSE "InitDD4hep"] XXX Vertex endcap layers: 8
Compact          INFO  ++ Converted subdetector:VertexEndcap of type VertexEndcap_o1_v06 [tracker]
Compact          INFO  ++ Converted subdetector:VertexVerticalCable of type TrackerEndcapSupport_o1_v02 
VertexEndcap     INFO  +++ Processing SurfaceInstaller for subdetector: 'VertexEndcap'
[ VERBOSE "InitDD4hep"] DD4hep_GenericSurfaceInstallerPlugin: argument[1] = dimension = 2
[ VERBOSE "InitDD4hep"] DD4hep_GenericSurfaceInstallerPlugin: argument[2] = u_x = -1
[ VERBOSE "InitDD4hep"] DD4hep_GenericSurfaceInstallerPlugin: argument[3] = v_z = 1
[ VERBOSE "InitDD4hep"] DD4hep_GenericSurfaceInstallerPlugin: argument[4] = n_y = 1
[ VERBOSE "InitDD4hep"] DD4hep_GenericSurfaceInstallerPlugin: vectors: u( -1 , 0 , 0) v( 0 , 0 , 1) n( 0 , 1 , 0) o( 0 , 0 , 0) 
DocumentHandler  INFO  +++ Loading document URI: /work/rosep8/MuC-Tutorial/reconstruction/MuColl_v1/InnerTracker_o2_v06_01.xml [Resolved:'/work/rosep8/MuC-Tutorial/reconstruction/MuColl_v1/InnerTracker_o2_v06_01.xml']
DocumentHandler  INFO  +++ Document /work/rosep8/MuC-Tutorial/reconstruction/MuColl_v1/InnerTracker_o2_v06_01.xml succesfully parsed with TinyXML .....
Utilities        INFO  +++ setDetectorTypeFlags for detector :InnerTrackers no xml element <type_flags/> found - nothing to set 
Compact          INFO  ++ Converted subdetector:InnerTrackers of type DD4hep_SubdetectorAssembly 
DocumentHandler  INFO  +++ Loading document URI: /work/rosep8/MuC-Tutorial/reconstruction/MuColl_v1/InnerTrackerBarrelModuleDown.xml [Resolved:'/work/rosep8/MuC-Tutorial/reconstruction/MuColl_v1/InnerTrackerBarrelModuleDown.xml']
DocumentHandler  INFO  +++ Document /work/rosep8/MuC-Tutorial/reconstruction/MuColl_v1/InnerTrackerBarrelModuleDown.xml succesfully parsed with TinyXML .....
DocumentHandler  INFO  +++ Loading document URI: /work/rosep8/MuC-Tutorial/reconstruction/MuColl_v1/InnerTrackerBarrelModuleDown.xml [Resolved:'/work/rosep8/MuC-Tutorial/reconstruction/MuColl_v1/InnerTrackerBarrelModuleDown.xml']
DocumentHandler  INFO  +++ Document /work/rosep8/MuC-Tutorial/reconstruction/MuColl_v1/InnerTrackerBarrelModuleDown.xml succesfully parsed with TinyXML .....
Compact          INFO  ++ Converted subdetector:InnerTrackerBarrel of type TrackerBarrel_o1_v05 [tracker]
DocumentHandler  INFO  +++ Loading document URI: /work/rosep8/MuC-Tutorial/reconstruction/MuColl_v1/TrackerDiskModuleOut.xml [Resolved:'/work/rosep8/MuC-Tutorial/reconstruction/MuColl_v1/TrackerDiskModuleOut.xml']
DocumentHandler  INFO  +++ Document /work/rosep8/MuC-Tutorial/reconstruction/MuColl_v1/TrackerDiskModuleOut.xml succesfully parsed with TinyXML .....
DocumentHandler  INFO  +++ Loading document URI: /work/rosep8/MuC-Tutorial/reconstruction/MuColl_v1/TrackerDiskModuleOut.xml [Resolved:'/work/rosep8/MuC-Tutorial/reconstruction/MuColl_v1/TrackerDiskModuleOut.xml']
DocumentHandler  INFO  +++ Document /work/rosep8/MuC-Tutorial/reconstruction/MuColl_v1/TrackerDiskModuleOut.xml succesfully parsed with TinyXML .....
DocumentHandler  INFO  +++ Loading document URI: /work/rosep8/MuC-Tutorial/reconstruction/MuColl_v1/TrackerDiskModuleOut.xml [Resolved:'/work/rosep8/MuC-Tutorial/reconstruction/MuColl_v1/TrackerDiskModuleOut.xml']
DocumentHandler  INFO  +++ Document /work/rosep8/MuC-Tutorial/reconstruction/MuColl_v1/TrackerDiskModuleOut.xml succesfully parsed with TinyXML .....
DocumentHandler  INFO  +++ Loading document URI: /work/rosep8/MuC-Tutorial/reconstruction/MuColl_v1/TrackerDiskModuleOut.xml [Resolved:'/work/rosep8/MuC-Tutorial/reconstruction/MuColl_v1/TrackerDiskModuleOut.xml']
DocumentHandler  INFO  +++ Document /work/rosep8/MuC-Tutorial/reconstruction/MuColl_v1/TrackerDiskModuleOut.xml succesfully parsed with TinyXML .....
DocumentHandler  INFO  +++ Loading document URI: /work/rosep8/MuC-Tutorial/reconstruction/MuColl_v1/TrackerDiskModuleOut.xml [Resolved:'/work/rosep8/MuC-Tutorial/reconstruction/MuColl_v1/TrackerDiskModuleOut.xml']
DocumentHandler  INFO  +++ Document /work/rosep8/MuC-Tutorial/reconstruction/MuColl_v1/TrackerDiskModuleOut.xml succesfully parsed with TinyXML .....
DocumentHandler  INFO  +++ Loading document URI: /work/rosep8/MuC-Tutorial/reconstruction/MuColl_v1/TrackerDiskModuleOut.xml [Resolved:'/work/rosep8/MuC-Tutorial/reconstruction/MuColl_v1/TrackerDiskModuleOut.xml']
DocumentHandler  INFO  +++ Document /work/rosep8/MuC-Tutorial/reconstruction/MuColl_v1/TrackerDiskModuleOut.xml succesfully parsed with TinyXML .....
DocumentHandler  INFO  +++ Loading document URI: /work/rosep8/MuC-Tutorial/reconstruction/MuColl_v1/TrackerDiskModuleOut.xml [Resolved:'/work/rosep8/MuC-Tutorial/reconstruction/MuColl_v1/TrackerDiskModuleOut.xml']
DocumentHandler  INFO  +++ Document /work/rosep8/MuC-Tutorial/reconstruction/MuColl_v1/TrackerDiskModuleOut.xml succesfully parsed with TinyXML .....
DocumentHandler  INFO  +++ Loading document URI: /work/rosep8/MuC-Tutorial/reconstruction/MuColl_v1/TrackerDiskModuleOut.xml [Resolved:'/work/rosep8/MuC-Tutorial/reconstruction/MuColl_v1/TrackerDiskModuleOut.xml']
DocumentHandler  INFO  +++ Document /work/rosep8/MuC-Tutorial/reconstruction/MuColl_v1/TrackerDiskModuleOut.xml succesfully parsed with TinyXML .....
DocumentHandler  INFO  +++ Loading document URI: /work/rosep8/MuC-Tutorial/reconstruction/MuColl_v1/TrackerDiskModuleOut.xml [Resolved:'/work/rosep8/MuC-Tutorial/reconstruction/MuColl_v1/TrackerDiskModuleOut.xml']
DocumentHandler  INFO  +++ Document /work/rosep8/MuC-Tutorial/reconstruction/MuColl_v1/TrackerDiskModuleOut.xml succesfully parsed with TinyXML .....
DocumentHandler  INFO  +++ Loading document URI: /work/rosep8/MuC-Tutorial/reconstruction/MuColl_v1/TrackerDiskModuleOut.xml [Resolved:'/work/rosep8/MuC-Tutorial/reconstruction/MuColl_v1/TrackerDiskModuleOut.xml']
DocumentHandler  INFO  +++ Document /work/rosep8/MuC-Tutorial/reconstruction/MuColl_v1/TrackerDiskModuleOut.xml succesfully parsed with TinyXML .....
DocumentHandler  INFO  +++ Loading document URI: /work/rosep8/MuC-Tutorial/reconstruction/MuColl_v1/TrackerDiskModuleOut.xml [Resolved:'/work/rosep8/MuC-Tutorial/reconstruction/MuColl_v1/TrackerDiskModuleOut.xml']
DocumentHandler  INFO  +++ Document /work/rosep8/MuC-Tutorial/reconstruction/MuColl_v1/TrackerDiskModuleOut.xml succesfully parsed with TinyXML .....
DocumentHandler  INFO  +++ Loading document URI: /work/rosep8/MuC-Tutorial/reconstruction/MuColl_v1/TrackerDiskModuleOut.xml [Resolved:'/work/rosep8/MuC-Tutorial/reconstruction/MuColl_v1/TrackerDiskModuleOut.xml']
DocumentHandler  INFO  +++ Document /work/rosep8/MuC-Tutorial/reconstruction/MuColl_v1/TrackerDiskModuleOut.xml succesfully parsed with TinyXML .....
DocumentHandler  INFO  +++ Loading document URI: /work/rosep8/MuC-Tutorial/reconstruction/MuColl_v1/TrackerDiskModuleOut.xml [Resolved:'/work/rosep8/MuC-Tutorial/reconstruction/MuColl_v1/TrackerDiskModuleOut.xml']
DocumentHandler  INFO  +++ Document /work/rosep8/MuC-Tutorial/reconstruction/MuColl_v1/TrackerDiskModuleOut.xml succesfully parsed with TinyXML .....
DocumentHandler  INFO  +++ Loading document URI: /work/rosep8/MuC-Tutorial/reconstruction/MuColl_v1/TrackerDiskModuleOut.xml [Resolved:'/work/rosep8/MuC-Tutorial/reconstruction/MuColl_v1/TrackerDiskModuleOut.xml']
DocumentHandler  INFO  +++ Document /work/rosep8/MuC-Tutorial/reconstruction/MuColl_v1/TrackerDiskModuleOut.xml succesfully parsed with TinyXML .....
DocumentHandler  INFO  +++ Loading document URI: /work/rosep8/MuC-Tutorial/reconstruction/MuColl_v1/TrackerDiskModuleOut.xml [Resolved:'/work/rosep8/MuC-Tutorial/reconstruction/MuColl_v1/TrackerDiskModuleOut.xml']
DocumentHandler  INFO  +++ Document /work/rosep8/MuC-Tutorial/reconstruction/MuColl_v1/TrackerDiskModuleOut.xml succesfully parsed with TinyXML .....
DocumentHandler  INFO  +++ Loading document URI: /work/rosep8/MuC-Tutorial/reconstruction/MuColl_v1/TrackerDiskModuleOut.xml [Resolved:'/work/rosep8/MuC-Tutorial/reconstruction/MuColl_v1/TrackerDiskModuleOut.xml']
DocumentHandler  INFO  +++ Document /work/rosep8/MuC-Tutorial/reconstruction/MuColl_v1/TrackerDiskModuleOut.xml succesfully parsed with TinyXML .....
DocumentHandler  INFO  +++ Loading document URI: /work/rosep8/MuC-Tutorial/reconstruction/MuColl_v1/TrackerDiskModuleOut.xml [Resolved:'/work/rosep8/MuC-Tutorial/reconstruction/MuColl_v1/TrackerDiskModuleOut.xml']
DocumentHandler  INFO  +++ Document /work/rosep8/MuC-Tutorial/reconstruction/MuColl_v1/TrackerDiskModuleOut.xml succesfully parsed with TinyXML .....
DocumentHandler  INFO  +++ Loading document URI: /work/rosep8/MuC-Tutorial/reconstruction/MuColl_v1/TrackerDiskModuleOut.xml [Resolved:'/work/rosep8/MuC-Tutorial/reconstruction/MuColl_v1/TrackerDiskModuleOut.xml']
DocumentHandler  INFO  +++ Document /work/rosep8/MuC-Tutorial/reconstruction/MuColl_v1/TrackerDiskModuleOut.xml succesfully parsed with TinyXML .....
DocumentHandler  INFO  +++ Loading document URI: /work/rosep8/MuC-Tutorial/reconstruction/MuColl_v1/TrackerDiskModuleOut.xml [Resolved:'/work/rosep8/MuC-Tutorial/reconstruction/MuColl_v1/TrackerDiskModuleOut.xml']
DocumentHandler  INFO  +++ Document /work/rosep8/MuC-Tutorial/reconstruction/MuColl_v1/TrackerDiskModuleOut.xml succesfully parsed with TinyXML .....
DocumentHandler  INFO  +++ Loading document URI: /work/rosep8/MuC-Tutorial/reconstruction/MuColl_v1/TrackerDiskModuleOut.xml [Resolved:'/work/rosep8/MuC-Tutorial/reconstruction/MuColl_v1/TrackerDiskModuleOut.xml']
DocumentHandler  INFO  +++ Document /work/rosep8/MuC-Tutorial/reconstruction/MuColl_v1/TrackerDiskModuleOut.xml succesfully parsed with TinyXML .....
DocumentHandler  INFO  +++ Loading document URI: /work/rosep8/MuC-Tutorial/reconstruction/MuColl_v1/TrackerDiskModuleOut.xml [Resolved:'/work/rosep8/MuC-Tutorial/reconstruction/MuColl_v1/TrackerDiskModuleOut.xml']
DocumentHandler  INFO  +++ Document /work/rosep8/MuC-Tutorial/reconstruction/MuColl_v1/TrackerDiskModuleOut.xml succesfully parsed with TinyXML .....
DocumentHandler  INFO  +++ Loading document URI: /work/rosep8/MuC-Tutorial/reconstruction/MuColl_v1/TrackerDiskModuleOut.xml [Resolved:'/work/rosep8/MuC-Tutorial/reconstruction/MuColl_v1/TrackerDiskModuleOut.xml']
DocumentHandler  INFO  +++ Document /work/rosep8/MuC-Tutorial/reconstruction/MuColl_v1/TrackerDiskModuleOut.xml succesfully parsed with TinyXML .....
DocumentHandler  INFO  +++ Loading document URI: /work/rosep8/MuC-Tutorial/reconstruction/MuColl_v1/TrackerDiskModuleOut.xml [Resolved:'/work/rosep8/MuC-Tutorial/reconstruction/MuColl_v1/TrackerDiskModuleOut.xml']
DocumentHandler  INFO  +++ Document /work/rosep8/MuC-Tutorial/reconstruction/MuColl_v1/TrackerDiskModuleOut.xml succesfully parsed with TinyXML .....
DocumentHandler  INFO  +++ Loading document URI: /work/rosep8/MuC-Tutorial/reconstruction/MuColl_v1/TrackerDiskModuleOut.xml [Resolved:'/work/rosep8/MuC-Tutorial/reconstruction/MuColl_v1/TrackerDiskModuleOut.xml']
DocumentHandler  INFO  +++ Document /work/rosep8/MuC-Tutorial/reconstruction/MuColl_v1/TrackerDiskModuleOut.xml succesfully parsed with TinyXML .....
DocumentHandler  INFO  +++ Loading document URI: /work/rosep8/MuC-Tutorial/reconstruction/MuColl_v1/TrackerDiskModuleOut.xml [Resolved:'/work/rosep8/MuC-Tutorial/reconstruction/MuColl_v1/TrackerDiskModuleOut.xml']
DocumentHandler  INFO  +++ Document /work/rosep8/MuC-Tutorial/reconstruction/MuColl_v1/TrackerDiskModuleOut.xml succesfully parsed with TinyXML .....
DocumentHandler  INFO  +++ Loading document URI: /work/rosep8/MuC-Tutorial/reconstruction/MuColl_v1/TrackerDiskModuleOut.xml [Resolved:'/work/rosep8/MuC-Tutorial/reconstruction/MuColl_v1/TrackerDiskModuleOut.xml']
DocumentHandler  INFO  +++ Document /work/rosep8/MuC-Tutorial/reconstruction/MuColl_v1/TrackerDiskModuleOut.xml succesfully parsed with TinyXML .....
DocumentHandler  INFO  +++ Loading document URI: /work/rosep8/MuC-Tutorial/reconstruction/MuColl_v1/TrackerDiskModuleOut.xml [Resolved:'/work/rosep8/MuC-Tutorial/reconstruction/MuColl_v1/TrackerDiskModuleOut.xml']
DocumentHandler  INFO  +++ Document /work/rosep8/MuC-Tutorial/reconstruction/MuColl_v1/TrackerDiskModuleOut.xml succesfully parsed with TinyXML .....
DocumentHandler  INFO  +++ Loading document URI: /work/rosep8/MuC-Tutorial/reconstruction/MuColl_v1/TrackerDiskModuleOut.xml [Resolved:'/work/rosep8/MuC-Tutorial/reconstruction/MuColl_v1/TrackerDiskModuleOut.xml']
DocumentHandler  INFO  +++ Document /work/rosep8/MuC-Tutorial/reconstruction/MuColl_v1/TrackerDiskModuleOut.xml succesfully parsed with TinyXML .....
DocumentHandler  INFO  +++ Loading document URI: /work/rosep8/MuC-Tutorial/reconstruction/MuColl_v1/TrackerDiskModuleOut.xml [Resolved:'/work/rosep8/MuC-Tutorial/reconstruction/MuColl_v1/TrackerDiskModuleOut.xml']
DocumentHandler  INFO  +++ Document /work/rosep8/MuC-Tutorial/reconstruction/MuColl_v1/TrackerDiskModuleOut.xml succesfully parsed with TinyXML .....
DocumentHandler  INFO  +++ Loading document URI: /work/rosep8/MuC-Tutorial/reconstruction/MuColl_v1/TrackerDiskModuleOut.xml [Resolved:'/work/rosep8/MuC-Tutorial/reconstruction/MuColl_v1/TrackerDiskModuleOut.xml']
DocumentHandler  INFO  +++ Document /work/rosep8/MuC-Tutorial/reconstruction/MuColl_v1/TrackerDiskModuleOut.xml succesfully parsed with TinyXML .....
DocumentHandler  INFO  +++ Loading document URI: /work/rosep8/MuC-Tutorial/reconstruction/MuColl_v1/TrackerDiskModuleOut.xml [Resolved:'/work/rosep8/MuC-Tutorial/reconstruction/MuColl_v1/TrackerDiskModuleOut.xml']
DocumentHandler  INFO  +++ Document /work/rosep8/MuC-Tutorial/reconstruction/MuColl_v1/TrackerDiskModuleOut.xml succesfully parsed with TinyXML .....
DocumentHandler  INFO  +++ Loading document URI: /work/rosep8/MuC-Tutorial/reconstruction/MuColl_v1/TrackerDiskModuleOut.xml [Resolved:'/work/rosep8/MuC-Tutorial/reconstruction/MuColl_v1/TrackerDiskModuleOut.xml']
DocumentHandler  INFO  +++ Document /work/rosep8/MuC-Tutorial/reconstruction/MuColl_v1/TrackerDiskModuleOut.xml succesfully parsed with TinyXML .....
DocumentHandler  INFO  +++ Loading document URI: /work/rosep8/MuC-Tutorial/reconstruction/MuColl_v1/TrackerDiskModuleOut.xml [Resolved:'/work/rosep8/MuC-Tutorial/reconstruction/MuColl_v1/TrackerDiskModuleOut.xml']
DocumentHandler  INFO  +++ Document /work/rosep8/MuC-Tutorial/reconstruction/MuColl_v1/TrackerDiskModuleOut.xml succesfully parsed with TinyXML .....
DocumentHandler  INFO  +++ Loading document URI: /work/rosep8/MuC-Tutorial/reconstruction/MuColl_v1/TrackerDiskModuleOut.xml [Resolved:'/work/rosep8/MuC-Tutorial/reconstruction/MuColl_v1/TrackerDiskModuleOut.xml']
DocumentHandler  INFO  +++ Document /work/rosep8/MuC-Tutorial/reconstruction/MuColl_v1/TrackerDiskModuleOut.xml succesfully parsed with TinyXML .....
DocumentHandler  INFO  +++ Loading document URI: /work/rosep8/MuC-Tutorial/reconstruction/MuColl_v1/TrackerDiskModuleOut.xml [Resolved:'/work/rosep8/MuC-Tutorial/reconstruction/MuColl_v1/TrackerDiskModuleOut.xml']
DocumentHandler  INFO  +++ Document /work/rosep8/MuC-Tutorial/reconstruction/MuColl_v1/TrackerDiskModuleOut.xml succesfully parsed with TinyXML .....
DocumentHandler  INFO  +++ Loading document URI: /work/rosep8/MuC-Tutorial/reconstruction/MuColl_v1/TrackerDiskModuleOut.xml [Resolved:'/work/rosep8/MuC-Tutorial/reconstruction/MuColl_v1/TrackerDiskModuleOut.xml']
DocumentHandler  INFO  +++ Document /work/rosep8/MuC-Tutorial/reconstruction/MuColl_v1/TrackerDiskModuleOut.xml succesfully parsed with TinyXML .....
DocumentHandler  INFO  +++ Loading document URI: /work/rosep8/MuC-Tutorial/reconstruction/MuColl_v1/TrackerDiskModuleOut.xml [Resolved:'/work/rosep8/MuC-Tutorial/reconstruction/MuColl_v1/TrackerDiskModuleOut.xml']
DocumentHandler  INFO  +++ Document /work/rosep8/MuC-Tutorial/reconstruction/MuColl_v1/TrackerDiskModuleOut.xml succesfully parsed with TinyXML .....
DocumentHandler  INFO  +++ Loading document URI: /work/rosep8/MuC-Tutorial/reconstruction/MuColl_v1/TrackerDiskModuleOut.xml [Resolved:'/work/rosep8/MuC-Tutorial/reconstruction/MuColl_v1/TrackerDiskModuleOut.xml']
DocumentHandler  INFO  +++ Document /work/rosep8/MuC-Tutorial/reconstruction/MuColl_v1/TrackerDiskModuleOut.xml succesfully parsed with TinyXML .....
DocumentHandler  INFO  +++ Loading document URI: /work/rosep8/MuC-Tutorial/reconstruction/MuColl_v1/TrackerDiskModuleOut.xml [Resolved:'/work/rosep8/MuC-Tutorial/reconstruction/MuColl_v1/TrackerDiskModuleOut.xml']
DocumentHandler  INFO  +++ Document /work/rosep8/MuC-Tutorial/reconstruction/MuColl_v1/TrackerDiskModuleOut.xml succesfully parsed with TinyXML .....
DocumentHandler  INFO  +++ Loading document URI: /work/rosep8/MuC-Tutorial/reconstruction/MuColl_v1/TrackerDiskModuleOut.xml [Resolved:'/work/rosep8/MuC-Tutorial/reconstruction/MuColl_v1/TrackerDiskModuleOut.xml']
DocumentHandler  INFO  +++ Document /work/rosep8/MuC-Tutorial/reconstruction/MuColl_v1/TrackerDiskModuleOut.xml succesfully parsed with TinyXML .....
DocumentHandler  INFO  +++ Loading document URI: /work/rosep8/MuC-Tutorial/reconstruction/MuColl_v1/TrackerDiskModuleOut.xml [Resolved:'/work/rosep8/MuC-Tutorial/reconstruction/MuColl_v1/TrackerDiskModuleOut.xml']
DocumentHandler  INFO  +++ Document /work/rosep8/MuC-Tutorial/reconstruction/MuColl_v1/TrackerDiskModuleOut.xml succesfully parsed with TinyXML .....
DocumentHandler  INFO  +++ Loading document URI: /work/rosep8/MuC-Tutorial/reconstruction/MuColl_v1/TrackerDiskModuleOut.xml [Resolved:'/work/rosep8/MuC-Tutorial/reconstruction/MuColl_v1/TrackerDiskModuleOut.xml']
DocumentHandler  INFO  +++ Document /work/rosep8/MuC-Tutorial/reconstruction/MuColl_v1/TrackerDiskModuleOut.xml succesfully parsed with TinyXML .....
DocumentHandler  INFO  +++ Loading document URI: /work/rosep8/MuC-Tutorial/reconstruction/MuColl_v1/TrackerDiskModuleOut.xml [Resolved:'/work/rosep8/MuC-Tutorial/reconstruction/MuColl_v1/TrackerDiskModuleOut.xml']
DocumentHandler  INFO  +++ Document /work/rosep8/MuC-Tutorial/reconstruction/MuColl_v1/TrackerDiskModuleOut.xml succesfully parsed with TinyXML .....
DocumentHandler  INFO  +++ Loading document URI: /work/rosep8/MuC-Tutorial/reconstruction/MuColl_v1/TrackerDiskModuleOut.xml [Resolved:'/work/rosep8/MuC-Tutorial/reconstruction/MuColl_v1/TrackerDiskModuleOut.xml']
DocumentHandler  INFO  +++ Document /work/rosep8/MuC-Tutorial/reconstruction/MuColl_v1/TrackerDiskModuleOut.xml succesfully parsed with TinyXML .....
DocumentHandler  INFO  +++ Loading document URI: /work/rosep8/MuC-Tutorial/reconstruction/MuColl_v1/TrackerDiskModuleIn.xml [Resolved:'/work/rosep8/MuC-Tutorial/reconstruction/MuColl_v1/TrackerDiskModuleIn.xml']
DocumentHandler  INFO  +++ Document /work/rosep8/MuC-Tutorial/reconstruction/MuColl_v1/TrackerDiskModuleIn.xml succesfully parsed with TinyXML .....
DocumentHandler  INFO  +++ Loading document URI: /work/rosep8/MuC-Tutorial/reconstruction/MuColl_v1/TrackerDiskModuleIn.xml [Resolved:'/work/rosep8/MuC-Tutorial/reconstruction/MuColl_v1/TrackerDiskModuleIn.xml']
DocumentHandler  INFO  +++ Document /work/rosep8/MuC-Tutorial/reconstruction/MuColl_v1/TrackerDiskModuleIn.xml succesfully parsed with TinyXML .....
DocumentHandler  INFO  +++ Loading document URI: /work/rosep8/MuC-Tutorial/reconstruction/MuColl_v1/TrackerDiskModuleIn.xml [Resolved:'/work/rosep8/MuC-Tutorial/reconstruction/MuColl_v1/TrackerDiskModuleIn.xml']
DocumentHandler  INFO  +++ Document /work/rosep8/MuC-Tutorial/reconstruction/MuColl_v1/TrackerDiskModuleIn.xml succesfully parsed with TinyXML .....
DocumentHandler  INFO  +++ Loading document URI: /work/rosep8/MuC-Tutorial/reconstruction/MuColl_v1/TrackerDiskModuleIn.xml [Resolved:'/work/rosep8/MuC-Tutorial/reconstruction/MuColl_v1/TrackerDiskModuleIn.xml']
DocumentHandler  INFO  +++ Document /work/rosep8/MuC-Tutorial/reconstruction/MuColl_v1/TrackerDiskModuleIn.xml succesfully parsed with TinyXML .....
DocumentHandler  INFO  +++ Loading document URI: /work/rosep8/MuC-Tutorial/reconstruction/MuColl_v1/TrackerDiskModuleIn.xml [Resolved:'/work/rosep8/MuC-Tutorial/reconstruction/MuColl_v1/TrackerDiskModuleIn.xml']
DocumentHandler  INFO  +++ Document /work/rosep8/MuC-Tutorial/reconstruction/MuColl_v1/TrackerDiskModuleIn.xml succesfully parsed with TinyXML .....
DocumentHandler  INFO  +++ Loading document URI: /work/rosep8/MuC-Tutorial/reconstruction/MuColl_v1/TrackerDiskModuleIn.xml [Resolved:'/work/rosep8/MuC-Tutorial/reconstruction/MuColl_v1/TrackerDiskModuleIn.xml']
DocumentHandler  INFO  +++ Document /work/rosep8/MuC-Tutorial/reconstruction/MuColl_v1/TrackerDiskModuleIn.xml succesfully parsed with TinyXML .....
DocumentHandler  INFO  +++ Loading document URI: /work/rosep8/MuC-Tutorial/reconstruction/MuColl_v1/TrackerDiskModuleIn.xml [Resolved:'/work/rosep8/MuC-Tutorial/reconstruction/MuColl_v1/TrackerDiskModuleIn.xml']
DocumentHandler  INFO  +++ Document /work/rosep8/MuC-Tutorial/reconstruction/MuColl_v1/TrackerDiskModuleIn.xml succesfully parsed with TinyXML .....
DocumentHandler  INFO  +++ Loading document URI: /work/rosep8/MuC-Tutorial/reconstruction/MuColl_v1/TrackerDiskModuleIn.xml [Resolved:'/work/rosep8/MuC-Tutorial/reconstruction/MuColl_v1/TrackerDiskModuleIn.xml']
DocumentHandler  INFO  +++ Document /work/rosep8/MuC-Tutorial/reconstruction/MuColl_v1/TrackerDiskModuleIn.xml succesfully parsed with TinyXML .....
DocumentHandler  INFO  +++ Loading document URI: /work/rosep8/MuC-Tutorial/reconstruction/MuColl_v1/TrackerDiskModuleIn.xml [Resolved:'/work/rosep8/MuC-Tutorial/reconstruction/MuColl_v1/TrackerDiskModuleIn.xml']
DocumentHandler  INFO  +++ Document /work/rosep8/MuC-Tutorial/reconstruction/MuColl_v1/TrackerDiskModuleIn.xml succesfully parsed with TinyXML .....
DocumentHandler  INFO  +++ Loading document URI: /work/rosep8/MuC-Tutorial/reconstruction/MuColl_v1/TrackerDiskModuleIn.xml [Resolved:'/work/rosep8/MuC-Tutorial/reconstruction/MuColl_v1/TrackerDiskModuleIn.xml']
DocumentHandler  INFO  +++ Document /work/rosep8/MuC-Tutorial/reconstruction/MuColl_v1/TrackerDiskModuleIn.xml succesfully parsed with TinyXML .....
DocumentHandler  INFO  +++ Loading document URI: /work/rosep8/MuC-Tutorial/reconstruction/MuColl_v1/TrackerDiskModuleIn.xml [Resolved:'/work/rosep8/MuC-Tutorial/reconstruction/MuColl_v1/TrackerDiskModuleIn.xml']
DocumentHandler  INFO  +++ Document /work/rosep8/MuC-Tutorial/reconstruction/MuColl_v1/TrackerDiskModuleIn.xml succesfully parsed with TinyXML .....
DocumentHandler  INFO  +++ Loading document URI: /work/rosep8/MuC-Tutorial/reconstruction/MuColl_v1/TrackerDiskModuleIn.xml [Resolved:'/work/rosep8/MuC-Tutorial/reconstruction/MuColl_v1/TrackerDiskModuleIn.xml']
DocumentHandler  INFO  +++ Document /work/rosep8/MuC-Tutorial/reconstruction/MuColl_v1/TrackerDiskModuleIn.xml succesfully parsed with TinyXML .....
DocumentHandler  INFO  +++ Loading document URI: /work/rosep8/MuC-Tutorial/reconstruction/MuColl_v1/TrackerDiskModuleIn.xml [Resolved:'/work/rosep8/MuC-Tutorial/reconstruction/MuColl_v1/TrackerDiskModuleIn.xml']
DocumentHandler  INFO  +++ Document /work/rosep8/MuC-Tutorial/reconstruction/MuColl_v1/TrackerDiskModuleIn.xml succesfully parsed with TinyXML .....
DocumentHandler  INFO  +++ Loading document URI: /work/rosep8/MuC-Tutorial/reconstruction/MuColl_v1/TrackerDiskModuleIn.xml [Resolved:'/work/rosep8/MuC-Tutorial/reconstruction/MuColl_v1/TrackerDiskModuleIn.xml']
DocumentHandler  INFO  +++ Document /work/rosep8/MuC-Tutorial/reconstruction/MuColl_v1/TrackerDiskModuleIn.xml succesfully parsed with TinyXML .....
DocumentHandler  INFO  +++ Loading document URI: /work/rosep8/MuC-Tutorial/reconstruction/MuColl_v1/TrackerDiskModuleIn.xml [Resolved:'/work/rosep8/MuC-Tutorial/reconstruction/MuColl_v1/TrackerDiskModuleIn.xml']
DocumentHandler  INFO  +++ Document /work/rosep8/MuC-Tutorial/reconstruction/MuColl_v1/TrackerDiskModuleIn.xml succesfully parsed with TinyXML .....
DocumentHandler  INFO  +++ Loading document URI: /work/rosep8/MuC-Tutorial/reconstruction/MuColl_v1/TrackerDiskModuleIn.xml [Resolved:'/work/rosep8/MuC-Tutorial/reconstruction/MuColl_v1/TrackerDiskModuleIn.xml']
DocumentHandler  INFO  +++ Document /work/rosep8/MuC-Tutorial/reconstruction/MuColl_v1/TrackerDiskModuleIn.xml succesfully parsed with TinyXML .....
DocumentHandler  INFO  +++ Loading document URI: /work/rosep8/MuC-Tutorial/reconstruction/MuColl_v1/TrackerDiskModuleIn.xml [Resolved:'/work/rosep8/MuC-Tutorial/reconstruction/MuColl_v1/TrackerDiskModuleIn.xml']
DocumentHandler  INFO  +++ Document /work/rosep8/MuC-Tutorial/reconstruction/MuColl_v1/TrackerDiskModuleIn.xml succesfully parsed with TinyXML .....
DocumentHandler  INFO  +++ Loading document URI: /work/rosep8/MuC-Tutorial/reconstruction/MuColl_v1/TrackerDiskModuleIn.xml [Resolved:'/work/rosep8/MuC-Tutorial/reconstruction/MuColl_v1/TrackerDiskModuleIn.xml']
DocumentHandler  INFO  +++ Document /work/rosep8/MuC-Tutorial/reconstruction/MuColl_v1/TrackerDiskModuleIn.xml succesfully parsed with TinyXML .....
DocumentHandler  INFO  +++ Loading document URI: /work/rosep8/MuC-Tutorial/reconstruction/MuColl_v1/TrackerDiskModuleIn.xml [Resolved:'/work/rosep8/MuC-Tutorial/reconstruction/MuColl_v1/TrackerDiskModuleIn.xml']
DocumentHandler  INFO  +++ Document /work/rosep8/MuC-Tutorial/reconstruction/MuColl_v1/TrackerDiskModuleIn.xml succesfully parsed with TinyXML .....
DocumentHandler  INFO  +++ Loading document URI: /work/rosep8/MuC-Tutorial/reconstruction/MuColl_v1/TrackerDiskModuleIn.xml [Resolved:'/work/rosep8/MuC-Tutorial/reconstruction/MuColl_v1/TrackerDiskModuleIn.xml']
DocumentHandler  INFO  +++ Document /work/rosep8/MuC-Tutorial/reconstruction/MuColl_v1/TrackerDiskModuleIn.xml succesfully parsed with TinyXML .....
DocumentHandler  INFO  +++ Loading document URI: /work/rosep8/MuC-Tutorial/reconstruction/MuColl_v1/TrackerDiskModuleIn.xml [Resolved:'/work/rosep8/MuC-Tutorial/reconstruction/MuColl_v1/TrackerDiskModuleIn.xml']
DocumentHandler  INFO  +++ Document /work/rosep8/MuC-Tutorial/reconstruction/MuColl_v1/TrackerDiskModuleIn.xml succesfully parsed with TinyXML .....
DocumentHandler  INFO  +++ Loading document URI: /work/rosep8/MuC-Tutorial/reconstruction/MuColl_v1/TrackerDiskModuleIn.xml [Resolved:'/work/rosep8/MuC-Tutorial/reconstruction/MuColl_v1/TrackerDiskModuleIn.xml']
DocumentHandler  INFO  +++ Document /work/rosep8/MuC-Tutorial/reconstruction/MuColl_v1/TrackerDiskModuleIn.xml succesfully parsed with TinyXML .....
DocumentHandler  INFO  +++ Loading document URI: /work/rosep8/MuC-Tutorial/reconstruction/MuColl_v1/TrackerDiskModuleIn.xml [Resolved:'/work/rosep8/MuC-Tutorial/reconstruction/MuColl_v1/TrackerDiskModuleIn.xml']
DocumentHandler  INFO  +++ Document /work/rosep8/MuC-Tutorial/reconstruction/MuColl_v1/TrackerDiskModuleIn.xml succesfully parsed with TinyXML .....
DocumentHandler  INFO  +++ Loading document URI: /work/rosep8/MuC-Tutorial/reconstruction/MuColl_v1/TrackerDiskModuleIn.xml [Resolved:'/work/rosep8/MuC-Tutorial/reconstruction/MuColl_v1/TrackerDiskModuleIn.xml']
DocumentHandler  INFO  +++ Document /work/rosep8/MuC-Tutorial/reconstruction/MuColl_v1/TrackerDiskModuleIn.xml succesfully parsed with TinyXML .....
DocumentHandler  INFO  +++ Loading document URI: /work/rosep8/MuC-Tutorial/reconstruction/MuColl_v1/TrackerDiskModuleIn.xml [Resolved:'/work/rosep8/MuC-Tutorial/reconstruction/MuColl_v1/TrackerDiskModuleIn.xml']
DocumentHandler  INFO  +++ Document /work/rosep8/MuC-Tutorial/reconstruction/MuColl_v1/TrackerDiskModuleIn.xml succesfully parsed with TinyXML .....
DocumentHandler  INFO  +++ Loading document URI: /work/rosep8/MuC-Tutorial/reconstruction/MuColl_v1/TrackerDiskModuleIn.xml [Resolved:'/work/rosep8/MuC-Tutorial/reconstruction/MuColl_v1/TrackerDiskModuleIn.xml']
DocumentHandler  INFO  +++ Document /work/rosep8/MuC-Tutorial/reconstruction/MuColl_v1/TrackerDiskModuleIn.xml succesfully parsed with TinyXML .....
DocumentHandler  INFO  +++ Loading document URI: /work/rosep8/MuC-Tutorial/reconstruction/MuColl_v1/TrackerDiskModuleIn.xml [Resolved:'/work/rosep8/MuC-Tutorial/reconstruction/MuColl_v1/TrackerDiskModuleIn.xml']
DocumentHandler  INFO  +++ Document /work/rosep8/MuC-Tutorial/reconstruction/MuColl_v1/TrackerDiskModuleIn.xml succesfully parsed with TinyXML .....
DocumentHandler  INFO  +++ Loading document URI: /work/rosep8/MuC-Tutorial/reconstruction/MuColl_v1/TrackerDiskModuleIn.xml [Resolved:'/work/rosep8/MuC-Tutorial/reconstruction/MuColl_v1/TrackerDiskModuleIn.xml']
DocumentHandler  INFO  +++ Document /work/rosep8/MuC-Tutorial/reconstruction/MuColl_v1/TrackerDiskModuleIn.xml succesfully parsed with TinyXML .....
DocumentHandler  INFO  +++ Loading document URI: /work/rosep8/MuC-Tutorial/reconstruction/MuColl_v1/TrackerDiskModuleIn.xml [Resolved:'/work/rosep8/MuC-Tutorial/reconstruction/MuColl_v1/TrackerDiskModuleIn.xml']
DocumentHandler  INFO  +++ Document /work/rosep8/MuC-Tutorial/reconstruction/MuColl_v1/TrackerDiskModuleIn.xml succesfully parsed with TinyXML .....
DocumentHandler  INFO  +++ Loading document URI: /work/rosep8/MuC-Tutorial/reconstruction/MuColl_v1/TrackerDiskModuleIn.xml [Resolved:'/work/rosep8/MuC-Tutorial/reconstruction/MuColl_v1/TrackerDiskModuleIn.xml']
DocumentHandler  INFO  +++ Document /work/rosep8/MuC-Tutorial/reconstruction/MuColl_v1/TrackerDiskModuleIn.xml succesfully parsed with TinyXML .....
DocumentHandler  INFO  +++ Loading document URI: /work/rosep8/MuC-Tutorial/reconstruction/MuColl_v1/TrackerDiskModuleIn.xml [Resolved:'/work/rosep8/MuC-Tutorial/reconstruction/MuColl_v1/TrackerDiskModuleIn.xml']
DocumentHandler  INFO  +++ Document /work/rosep8/MuC-Tutorial/reconstruction/MuColl_v1/TrackerDiskModuleIn.xml succesfully parsed with TinyXML .....
DocumentHandler  INFO  +++ Loading document URI: /work/rosep8/MuC-Tutorial/reconstruction/MuColl_v1/TrackerDiskModuleIn.xml [Resolved:'/work/rosep8/MuC-Tutorial/reconstruction/MuColl_v1/TrackerDiskModuleIn.xml']
DocumentHandler  INFO  +++ Document /work/rosep8/MuC-Tutorial/reconstruction/MuColl_v1/TrackerDiskModuleIn.xml succesfully parsed with TinyXML .....
DocumentHandler  INFO  +++ Loading document URI: /work/rosep8/MuC-Tutorial/reconstruction/MuColl_v1/TrackerDiskModuleIn.xml [Resolved:'/work/rosep8/MuC-Tutorial/reconstruction/MuColl_v1/TrackerDiskModuleIn.xml']
DocumentHandler  INFO  +++ Document /work/rosep8/MuC-Tutorial/reconstruction/MuColl_v1/TrackerDiskModuleIn.xml succesfully parsed with TinyXML .....
DocumentHandler  INFO  +++ Loading document URI: /work/rosep8/MuC-Tutorial/reconstruction/MuColl_v1/TrackerDiskModuleIn.xml [Resolved:'/work/rosep8/MuC-Tutorial/reconstruction/MuColl_v1/TrackerDiskModuleIn.xml']
DocumentHandler  INFO  +++ Document /work/rosep8/MuC-Tutorial/reconstruction/MuColl_v1/TrackerDiskModuleIn.xml succesfully parsed with TinyXML .....
DocumentHandler  INFO  +++ Loading document URI: /work/rosep8/MuC-Tutorial/reconstruction/MuColl_v1/TrackerDiskModuleIn.xml [Resolved:'/work/rosep8/MuC-Tutorial/reconstruction/MuColl_v1/TrackerDiskModuleIn.xml']
DocumentHandler  INFO  +++ Document /work/rosep8/MuC-Tutorial/reconstruction/MuColl_v1/TrackerDiskModuleIn.xml succesfully parsed with TinyXML .....
DocumentHandler  INFO  +++ Loading document URI: /work/rosep8/MuC-Tutorial/reconstruction/MuColl_v1/TrackerDiskModuleIn.xml [Resolved:'/work/rosep8/MuC-Tutorial/reconstruction/MuColl_v1/TrackerDiskModuleIn.xml']
DocumentHandler  INFO  +++ Document /work/rosep8/MuC-Tutorial/reconstruction/MuColl_v1/TrackerDiskModuleIn.xml succesfully parsed with TinyXML .....
DocumentHandler  INFO  +++ Loading document URI: /work/rosep8/MuC-Tutorial/reconstruction/MuColl_v1/TrackerDiskModuleIn.xml [Resolved:'/work/rosep8/MuC-Tutorial/reconstruction/MuColl_v1/TrackerDiskModuleIn.xml']
DocumentHandler  INFO  +++ Document /work/rosep8/MuC-Tutorial/reconstruction/MuColl_v1/TrackerDiskModuleIn.xml succesfully parsed with TinyXML .....
DocumentHandler  INFO  +++ Loading document URI: /work/rosep8/MuC-Tutorial/reconstruction/MuColl_v1/TrackerDiskModuleIn.xml [Resolved:'/work/rosep8/MuC-Tutorial/reconstruction/MuColl_v1/TrackerDiskModuleIn.xml']
DocumentHandler  INFO  +++ Document /work/rosep8/MuC-Tutorial/reconstruction/MuColl_v1/TrackerDiskModuleIn.xml succesfully parsed with TinyXML .....
DocumentHandler  INFO  +++ Loading document URI: /work/rosep8/MuC-Tutorial/reconstruction/MuColl_v1/TrackerDiskModuleIn.xml [Resolved:'/work/rosep8/MuC-Tutorial/reconstruction/MuColl_v1/TrackerDiskModuleIn.xml']
DocumentHandler  INFO  +++ Document /work/rosep8/MuC-Tutorial/reconstruction/MuColl_v1/TrackerDiskModuleIn.xml succesfully parsed with TinyXML .....
DocumentHandler  INFO  +++ Loading document URI: /work/rosep8/MuC-Tutorial/reconstruction/MuColl_v1/TrackerDiskModuleIn.xml [Resolved:'/work/rosep8/MuC-Tutorial/reconstruction/MuColl_v1/TrackerDiskModuleIn.xml']
DocumentHandler  INFO  +++ Document /work/rosep8/MuC-Tutorial/reconstruction/MuColl_v1/TrackerDiskModuleIn.xml succesfully parsed with TinyXML .....
DocumentHandler  INFO  +++ Loading document URI: /work/rosep8/MuC-Tutorial/reconstruction/MuColl_v1/TrackerDiskModuleIn.xml [Resolved:'/work/rosep8/MuC-Tutorial/reconstruction/MuColl_v1/TrackerDiskModuleIn.xml']
DocumentHandler  INFO  +++ Document /work/rosep8/MuC-Tutorial/reconstruction/MuColl_v1/TrackerDiskModuleIn.xml succesfully parsed with TinyXML .....
DocumentHandler  INFO  +++ Loading document URI: /work/rosep8/MuC-Tutorial/reconstruction/MuColl_v1/TrackerDiskModuleIn.xml [Resolved:'/work/rosep8/MuC-Tutorial/reconstruction/MuColl_v1/TrackerDiskModuleIn.xml']
DocumentHandler  INFO  +++ Document /work/rosep8/MuC-Tutorial/reconstruction/MuColl_v1/TrackerDiskModuleIn.xml succesfully parsed with TinyXML .....
DocumentHandler  INFO  +++ Loading document URI: /work/rosep8/MuC-Tutorial/reconstruction/MuColl_v1/TrackerDiskModuleIn.xml [Resolved:'/work/rosep8/MuC-Tutorial/reconstruction/MuColl_v1/TrackerDiskModuleIn.xml']
DocumentHandler  INFO  +++ Document /work/rosep8/MuC-Tutorial/reconstruction/MuColl_v1/TrackerDiskModuleIn.xml succesfully parsed with TinyXML .....
DocumentHandler  INFO  +++ Loading document URI: /work/rosep8/MuC-Tutorial/reconstruction/MuColl_v1/TrackerDiskModuleIn.xml [Resolved:'/work/rosep8/MuC-Tutorial/reconstruction/MuColl_v1/TrackerDiskModuleIn.xml']
DocumentHandler  INFO  +++ Document /work/rosep8/MuC-Tutorial/reconstruction/MuColl_v1/TrackerDiskModuleIn.xml succesfully parsed with TinyXML .....
Compact          INFO  ++ Converted subdetector:InnerTrackerEndcap of type TrackerEndcap_o2_v06 [tracker]
Compact          INFO  ++ Converted subdetector:InnerTrackerBarrelSupport of type TrackerBarrelSupport_o1_v01 
Compact          INFO  ++ Converted subdetector:InnerTrackerEndcapSupport of type TrackerEndcapSupport_o1_v02 
Compact          INFO  ++ Converted subdetector:InnerTrackerInterlink of type TubeSupport_o1_v01 
Compact          INFO  ++ Converted subdetector:InnerTrackerVertexCable of type TubeSupport_o1_v01 
Compact          INFO  ++ Converted subdetector:BeampipeShell of type ConicalSupport_o1_v01 
Compact          INFO  ++ Converted subdetector:BeampipeShell2 of type TrackerEndcapSupport_o1_v02 
Compact          INFO  ++ Converted subdetector:BeampipeShell3 of type TrackerBarrelSupport_o1_v01 
InnerTrackerBarrel INFO  +++ Processing SurfaceInstaller for subdetector: 'InnerTrackerBarrel'
[ VERBOSE "InitDD4hep"] DD4hep_GenericSurfaceInstallerPlugin: argument[1] = dimension = 2
[ VERBOSE "InitDD4hep"] DD4hep_GenericSurfaceInstallerPlugin: argument[2] = u_x = 1
[ VERBOSE "InitDD4hep"] DD4hep_GenericSurfaceInstallerPlugin: argument[3] = v_y = 1
[ VERBOSE "InitDD4hep"] DD4hep_GenericSurfaceInstallerPlugin: argument[4] = n_z = 1
[ VERBOSE "InitDD4hep"] DD4hep_GenericSurfaceInstallerPlugin: vectors: u( 1 , 0 , 0) v( 0 , 1 , 0) n( 0 , 0 , 1) o( 0 , 0 , 0) 
InnerTrackerEndcap INFO  +++ Processing SurfaceInstaller for subdetector: 'InnerTrackerEndcap'
[ VERBOSE "InitDD4hep"] DD4hep_GenericSurfaceInstallerPlugin: argument[1] = dimension = 2
[ VERBOSE "InitDD4hep"] DD4hep_GenericSurfaceInstallerPlugin: argument[2] = u_x = 1
[ VERBOSE "InitDD4hep"] DD4hep_GenericSurfaceInstallerPlugin: argument[3] = v_y = 1
[ VERBOSE "InitDD4hep"] DD4hep_GenericSurfaceInstallerPlugin: argument[4] = n_z = 1
[ VERBOSE "InitDD4hep"] DD4hep_GenericSurfaceInstallerPlugin: vectors: u( 1 , 0 , 0) v( 0 , 1 , 0) n( 0 , 0 , 1) o( 0 , 0 , 0) 
DocumentHandler  INFO  +++ Loading document URI: /work/rosep8/MuC-Tutorial/reconstruction/MuColl_v1/OuterTracker_o2_v06_01.xml [Resolved:'/work/rosep8/MuC-Tutorial/reconstruction/MuColl_v1/OuterTracker_o2_v06_01.xml']
DocumentHandler  INFO  +++ Document /work/rosep8/MuC-Tutorial/reconstruction/MuColl_v1/OuterTracker_o2_v06_01.xml succesfully parsed with TinyXML .....
Utilities        INFO  +++ setDetectorTypeFlags for detector :OuterTrackers no xml element <type_flags/> found - nothing to set 
Compact          INFO  ++ Converted subdetector:OuterTrackers of type DD4hep_SubdetectorAssembly 
DocumentHandler  INFO  +++ Loading document URI: /work/rosep8/MuC-Tutorial/reconstruction/MuColl_v1/OuterTrackerBarrelModuleUp.xml [Resolved:'/work/rosep8/MuC-Tutorial/reconstruction/MuColl_v1/OuterTrackerBarrelModuleUp.xml']
DocumentHandler  INFO  +++ Document /work/rosep8/MuC-Tutorial/reconstruction/MuColl_v1/OuterTrackerBarrelModuleUp.xml succesfully parsed with TinyXML .....
DocumentHandler  INFO  +++ Loading document URI: /work/rosep8/MuC-Tutorial/reconstruction/MuColl_v1/OuterTrackerBarrelModuleUp.xml [Resolved:'/work/rosep8/MuC-Tutorial/reconstruction/MuColl_v1/OuterTrackerBarrelModuleUp.xml']
DocumentHandler  INFO  +++ Document /work/rosep8/MuC-Tutorial/reconstruction/MuColl_v1/OuterTrackerBarrelModuleUp.xml succesfully parsed with TinyXML .....
DocumentHandler  INFO  +++ Loading document URI: /work/rosep8/MuC-Tutorial/reconstruction/MuColl_v1/OuterTrackerBarrelModuleDown.xml [Resolved:'/work/rosep8/MuC-Tutorial/reconstruction/MuColl_v1/OuterTrackerBarrelModuleDown.xml']
DocumentHandler  INFO  +++ Document /work/rosep8/MuC-Tutorial/reconstruction/MuColl_v1/OuterTrackerBarrelModuleDown.xml succesfully parsed with TinyXML .....
DocumentHandler  INFO  +++ Loading document URI: /work/rosep8/MuC-Tutorial/reconstruction/MuColl_v1/OuterTrackerBarrelModuleDown.xml [Resolved:'/work/rosep8/MuC-Tutorial/reconstruction/MuColl_v1/OuterTrackerBarrelModuleDown.xml']
DocumentHandler  INFO  +++ Document /work/rosep8/MuC-Tutorial/reconstruction/MuColl_v1/OuterTrackerBarrelModuleDown.xml succesfully parsed with TinyXML .....
Compact          INFO  ++ Converted subdetector:OuterTrackerBarrel of type TrackerBarrel_o1_v05 [tracker]
DocumentHandler  INFO  +++ Loading document URI: /work/rosep8/MuC-Tutorial/reconstruction/MuColl_v1/TrackerDiskModuleIn.xml [Resolved:'/work/rosep8/MuC-Tutorial/reconstruction/MuColl_v1/TrackerDiskModuleIn.xml']
DocumentHandler  INFO  +++ Document /work/rosep8/MuC-Tutorial/reconstruction/MuColl_v1/TrackerDiskModuleIn.xml succesfully parsed with TinyXML .....
DocumentHandler  INFO  +++ Loading document URI: /work/rosep8/MuC-Tutorial/reconstruction/MuColl_v1/TrackerDiskModuleIn.xml [Resolved:'/work/rosep8/MuC-Tutorial/reconstruction/MuColl_v1/TrackerDiskModuleIn.xml']
DocumentHandler  INFO  +++ Document /work/rosep8/MuC-Tutorial/reconstruction/MuColl_v1/TrackerDiskModuleIn.xml succesfully parsed with TinyXML .....
DocumentHandler  INFO  +++ Loading document URI: /work/rosep8/MuC-Tutorial/reconstruction/MuColl_v1/TrackerDiskModuleIn.xml [Resolved:'/work/rosep8/MuC-Tutorial/reconstruction/MuColl_v1/TrackerDiskModuleIn.xml']
DocumentHandler  INFO  +++ Document /work/rosep8/MuC-Tutorial/reconstruction/MuColl_v1/TrackerDiskModuleIn.xml succesfully parsed with TinyXML .....
DocumentHandler  INFO  +++ Loading document URI: /work/rosep8/MuC-Tutorial/reconstruction/MuColl_v1/TrackerDiskModuleIn.xml [Resolved:'/work/rosep8/MuC-Tutorial/reconstruction/MuColl_v1/TrackerDiskModuleIn.xml']
DocumentHandler  INFO  +++ Document /work/rosep8/MuC-Tutorial/reconstruction/MuColl_v1/TrackerDiskModuleIn.xml succesfully parsed with TinyXML .....
DocumentHandler  INFO  +++ Loading document URI: /work/rosep8/MuC-Tutorial/reconstruction/MuColl_v1/TrackerDiskModuleIn.xml [Resolved:'/work/rosep8/MuC-Tutorial/reconstruction/MuColl_v1/TrackerDiskModuleIn.xml']
DocumentHandler  INFO  +++ Document /work/rosep8/MuC-Tutorial/reconstruction/MuColl_v1/TrackerDiskModuleIn.xml succesfully parsed with TinyXML .....
DocumentHandler  INFO  +++ Loading document URI: /work/rosep8/MuC-Tutorial/reconstruction/MuColl_v1/TrackerDiskModuleIn.xml [Resolved:'/work/rosep8/MuC-Tutorial/reconstruction/MuColl_v1/TrackerDiskModuleIn.xml']
DocumentHandler  INFO  +++ Document /work/rosep8/MuC-Tutorial/reconstruction/MuColl_v1/TrackerDiskModuleIn.xml succesfully parsed with TinyXML .....
DocumentHandler  INFO  +++ Loading document URI: /work/rosep8/MuC-Tutorial/reconstruction/MuColl_v1/TrackerDiskModuleOut.xml [Resolved:'/work/rosep8/MuC-Tutorial/reconstruction/MuColl_v1/TrackerDiskModuleOut.xml']
DocumentHandler  INFO  +++ Document /work/rosep8/MuC-Tutorial/reconstruction/MuColl_v1/TrackerDiskModuleOut.xml succesfully parsed with TinyXML .....
DocumentHandler  INFO  +++ Loading document URI: /work/rosep8/MuC-Tutorial/reconstruction/MuColl_v1/TrackerDiskModuleOut.xml [Resolved:'/work/rosep8/MuC-Tutorial/reconstruction/MuColl_v1/TrackerDiskModuleOut.xml']
DocumentHandler  INFO  +++ Document /work/rosep8/MuC-Tutorial/reconstruction/MuColl_v1/TrackerDiskModuleOut.xml succesfully parsed with TinyXML .....
DocumentHandler  INFO  +++ Loading document URI: /work/rosep8/MuC-Tutorial/reconstruction/MuColl_v1/TrackerDiskModuleOut.xml [Resolved:'/work/rosep8/MuC-Tutorial/reconstruction/MuColl_v1/TrackerDiskModuleOut.xml']
DocumentHandler  INFO  +++ Document /work/rosep8/MuC-Tutorial/reconstruction/MuColl_v1/TrackerDiskModuleOut.xml succesfully parsed with TinyXML .....
DocumentHandler  INFO  +++ Loading document URI: /work/rosep8/MuC-Tutorial/reconstruction/MuColl_v1/TrackerDiskModuleOut.xml [Resolved:'/work/rosep8/MuC-Tutorial/reconstruction/MuColl_v1/TrackerDiskModuleOut.xml']
DocumentHandler  INFO  +++ Document /work/rosep8/MuC-Tutorial/reconstruction/MuColl_v1/TrackerDiskModuleOut.xml succesfully parsed with TinyXML .....
DocumentHandler  INFO  +++ Loading document URI: /work/rosep8/MuC-Tutorial/reconstruction/MuColl_v1/TrackerDiskModuleOut.xml [Resolved:'/work/rosep8/MuC-Tutorial/reconstruction/MuColl_v1/TrackerDiskModuleOut.xml']
DocumentHandler  INFO  +++ Document /work/rosep8/MuC-Tutorial/reconstruction/MuColl_v1/TrackerDiskModuleOut.xml succesfully parsed with TinyXML .....
DocumentHandler  INFO  +++ Loading document URI: /work/rosep8/MuC-Tutorial/reconstruction/MuColl_v1/TrackerDiskModuleOut.xml [Resolved:'/work/rosep8/MuC-Tutorial/reconstruction/MuColl_v1/TrackerDiskModuleOut.xml']
DocumentHandler  INFO  +++ Document /work/rosep8/MuC-Tutorial/reconstruction/MuColl_v1/TrackerDiskModuleOut.xml succesfully parsed with TinyXML .....
Compact          INFO  ++ Converted subdetector:OuterTrackerEndcap of type TrackerEndcap_o2_v06 [tracker]
Compact          INFO  ++ Converted subdetector:OuterTrackerBarrelSupport of type TrackerBarrelSupport_o1_v01 
Compact          INFO  ++ Converted subdetector:OuterTrackerEndcapSupport of type TrackerEndcapSupport_o1_v02 
OuterTrackerBarrel INFO  +++ Processing SurfaceInstaller for subdetector: 'OuterTrackerBarrel'
[ VERBOSE "InitDD4hep"] DD4hep_GenericSurfaceInstallerPlugin: argument[1] = dimension = 2
[ VERBOSE "InitDD4hep"] DD4hep_GenericSurfaceInstallerPlugin: argument[2] = u_x = 1
[ VERBOSE "InitDD4hep"] DD4hep_GenericSurfaceInstallerPlugin: argument[3] = v_y = 1
[ VERBOSE "InitDD4hep"] DD4hep_GenericSurfaceInstallerPlugin: argument[4] = n_z = 1
[ VERBOSE "InitDD4hep"] DD4hep_GenericSurfaceInstallerPlugin: vectors: u( 1 , 0 , 0) v( 0 , 1 , 0) n( 0 , 0 , 1) o( 0 , 0 , 0) 
OuterTrackerEndcap INFO  +++ Processing SurfaceInstaller for subdetector: 'OuterTrackerEndcap'
[ VERBOSE "InitDD4hep"] DD4hep_GenericSurfaceInstallerPlugin: argument[1] = dimension = 2
[ VERBOSE "InitDD4hep"] DD4hep_GenericSurfaceInstallerPlugin: argument[2] = u_x = 1
[ VERBOSE "InitDD4hep"] DD4hep_GenericSurfaceInstallerPlugin: argument[3] = v_y = 1
[ VERBOSE "InitDD4hep"] DD4hep_GenericSurfaceInstallerPlugin: argument[4] = n_z = 1
[ VERBOSE "InitDD4hep"] DD4hep_GenericSurfaceInstallerPlugin: vectors: u( 1 , 0 , 0) v( 0 , 1 , 0) n( 0 , 0 , 1) o( 0 , 0 , 0) 
DocumentHandler  INFO  +++ Loading document URI: /work/rosep8/MuC-Tutorial/reconstruction/MuColl_v1/ECalBarrel_o2_v01_02.xml [Resolved:'/work/rosep8/MuC-Tutorial/reconstruction/MuColl_v1/ECalBarrel_o2_v01_02.xml']
DocumentHandler  INFO  +++ Document /work/rosep8/MuC-Tutorial/reconstruction/MuColl_v1/ECalBarrel_o2_v01_02.xml succesfully parsed with TinyXML .....
[ VERBOSE "InitDD4hep"] Layer: 0 Rmin: 150 layer_pos_z: -9.8475 Dist: 150 inner_thickness: 0.24 outer_thickness: 0.265
[ VERBOSE "InitDD4hep"] Layer: 1 Rmin: 150 layer_pos_z: -9.3425 Dist: 150.505 inner_thickness: 0.24 outer_thickness: 0.265
[ VERBOSE "InitDD4hep"] Layer: 2 Rmin: 150 layer_pos_z: -8.8375 Dist: 151.01 inner_thickness: 0.24 outer_thickness: 0.265
[ VERBOSE "InitDD4hep"] Layer: 3 Rmin: 150 layer_pos_z: -8.3325 Dist: 151.515 inner_thickness: 0.24 outer_thickness: 0.265
[ VERBOSE "InitDD4hep"] Layer: 4 Rmin: 150 layer_pos_z: -7.8275 Dist: 152.02 inner_thickness: 0.24 outer_thickness: 0.265
[ VERBOSE "InitDD4hep"] Layer: 5 Rmin: 150 layer_pos_z: -7.3225 Dist: 152.525 inner_thickness: 0.24 outer_thickness: 0.265
[ VERBOSE "InitDD4hep"] Layer: 6 Rmin: 150 layer_pos_z: -6.8175 Dist: 153.03 inner_thickness: 0.24 outer_thickness: 0.265
[ VERBOSE "InitDD4hep"] Layer: 7 Rmin: 150 layer_pos_z: -6.3125 Dist: 153.535 inner_thickness: 0.24 outer_thickness: 0.265
[ VERBOSE "InitDD4hep"] Layer: 8 Rmin: 150 layer_pos_z: -5.8075 Dist: 154.04 inner_thickness: 0.24 outer_thickness: 0.265
[ VERBOSE "InitDD4hep"] Layer: 9 Rmin: 150 layer_pos_z: -5.3025 Dist: 154.545 inner_thickness: 0.24 outer_thickness: 0.265
[ VERBOSE "InitDD4hep"] Layer: 10 Rmin: 150 layer_pos_z: -4.7975 Dist: 155.05 inner_thickness: 0.24 outer_thickness: 0.265
[ VERBOSE "InitDD4hep"] Layer: 11 Rmin: 150 layer_pos_z: -4.2925 Dist: 155.555 inner_thickness: 0.24 outer_thickness: 0.265
[ VERBOSE "InitDD4hep"] Layer: 12 Rmin: 150 layer_pos_z: -3.7875 Dist: 156.06 inner_thickness: 0.24 outer_thickness: 0.265
[ VERBOSE "InitDD4hep"] Layer: 13 Rmin: 150 layer_pos_z: -3.2825 Dist: 156.565 inner_thickness: 0.24 outer_thickness: 0.265
[ VERBOSE "InitDD4hep"] Layer: 14 Rmin: 150 layer_pos_z: -2.7775 Dist: 157.07 inner_thickness: 0.24 outer_thickness: 0.265
[ VERBOSE "InitDD4hep"] Layer: 15 Rmin: 150 layer_pos_z: -2.2725 Dist: 157.575 inner_thickness: 0.24 outer_thickness: 0.265
[ VERBOSE "InitDD4hep"] Layer: 16 Rmin: 150 layer_pos_z: -1.7675 Dist: 158.08 inner_thickness: 0.24 outer_thickness: 0.265
[ VERBOSE "InitDD4hep"] Layer: 17 Rmin: 150 layer_pos_z: -1.2625 Dist: 158.585 inner_thickness: 0.24 outer_thickness: 0.265
[ VERBOSE "InitDD4hep"] Layer: 18 Rmin: 150 layer_pos_z: -0.7575 Dist: 159.09 inner_thickness: 0.24 outer_thickness: 0.265
[ VERBOSE "InitDD4hep"] Layer: 19 Rmin: 150 layer_pos_z: -0.2525 Dist: 159.595 inner_thickness: 0.24 outer_thickness: 0.265
[ VERBOSE "InitDD4hep"] Layer: 20 Rmin: 150 layer_pos_z: 0.2525 Dist: 160.1 inner_thickness: 0.24 outer_thickness: 0.265
[ VERBOSE "InitDD4hep"] Layer: 21 Rmin: 150 layer_pos_z: 0.7575 Dist: 160.605 inner_thickness: 0.24 outer_thickness: 0.265
[ VERBOSE "InitDD4hep"] Layer: 22 Rmin: 150 layer_pos_z: 1.2625 Dist: 161.11 inner_thickness: 0.24 outer_thickness: 0.265
[ VERBOSE "InitDD4hep"] Layer: 23 Rmin: 150 layer_pos_z: 1.7675 Dist: 161.615 inner_thickness: 0.24 outer_thickness: 0.265
[ VERBOSE "InitDD4hep"] Layer: 24 Rmin: 150 layer_pos_z: 2.2725 Dist: 162.12 inner_thickness: 0.24 outer_thickness: 0.265
[ VERBOSE "InitDD4hep"] Layer: 25 Rmin: 150 layer_pos_z: 2.7775 Dist: 162.625 inner_thickness: 0.24 outer_thickness: 0.265
[ VERBOSE "InitDD4hep"] Layer: 26 Rmin: 150 layer_pos_z: 3.2825 Dist: 163.13 inner_thickness: 0.24 outer_thickness: 0.265
[ VERBOSE "InitDD4hep"] Layer: 27 Rmin: 150 layer_pos_z: 3.7875 Dist: 163.635 inner_thickness: 0.24 outer_thickness: 0.265
[ VERBOSE "InitDD4hep"] Layer: 28 Rmin: 150 layer_pos_z: 4.2925 Dist: 164.14 inner_thickness: 0.24 outer_thickness: 0.265
[ VERBOSE "InitDD4hep"] Layer: 29 Rmin: 150 layer_pos_z: 4.7975 Dist: 164.645 inner_thickness: 0.24 outer_thickness: 0.265
[ VERBOSE "InitDD4hep"] Layer: 30 Rmin: 150 layer_pos_z: 5.3025 Dist: 165.15 inner_thickness: 0.24 outer_thickness: 0.265
[ VERBOSE "InitDD4hep"] Layer: 31 Rmin: 150 layer_pos_z: 5.8075 Dist: 165.655 inner_thickness: 0.24 outer_thickness: 0.265
[ VERBOSE "InitDD4hep"] Layer: 32 Rmin: 150 layer_pos_z: 6.3125 Dist: 166.16 inner_thickness: 0.24 outer_thickness: 0.265
[ VERBOSE "InitDD4hep"] Layer: 33 Rmin: 150 layer_pos_z: 6.8175 Dist: 166.665 inner_thickness: 0.24 outer_thickness: 0.265
[ VERBOSE "InitDD4hep"] Layer: 34 Rmin: 150 layer_pos_z: 7.3225 Dist: 167.17 inner_thickness: 0.24 outer_thickness: 0.265
[ VERBOSE "InitDD4hep"] Layer: 35 Rmin: 150 layer_pos_z: 7.8275 Dist: 167.675 inner_thickness: 0.24 outer_thickness: 0.265
[ VERBOSE "InitDD4hep"] Layer: 36 Rmin: 150 layer_pos_z: 8.3325 Dist: 168.18 inner_thickness: 0.24 outer_thickness: 0.265
[ VERBOSE "InitDD4hep"] Layer: 37 Rmin: 150 layer_pos_z: 8.8375 Dist: 168.685 inner_thickness: 0.24 outer_thickness: 0.265
[ VERBOSE "InitDD4hep"] Layer: 38 Rmin: 150 layer_pos_z: 9.3425 Dist: 169.19 inner_thickness: 0.24 outer_thickness: 0.265
[ VERBOSE "InitDD4hep"] Layer: 39 Rmin: 150 layer_pos_z: 9.8475 Dist: 169.695 inner_thickness: 0.24 outer_thickness: 0.265
Compact          INFO  ++ Converted subdetector:ECalBarrel of type GenericCalBarrel_o1_v01 [calorimeter]
ECalBarrel       INFO  +++ Processing SurfaceInstaller for subdetector: 'ECalBarrel'
DD4hep_CaloFaceBarrelSurfacePlugin INFO  install tracking surfaces for :  ECalBarrel 
DocumentHandler  INFO  +++ Loading document URI: /work/rosep8/MuC-Tutorial/reconstruction/MuColl_v1/ECalEndcap_o2_v01_02.xml [Resolved:'/work/rosep8/MuC-Tutorial/reconstruction/MuColl_v1/ECalEndcap_o2_v01_02.xml']
DocumentHandler  INFO  +++ Document /work/rosep8/MuC-Tutorial/reconstruction/MuColl_v1/ECalEndcap_o2_v01_02.xml succesfully parsed with TinyXML .....
[ VERBOSE "InitDD4hep"] Number of layers in group 0 : 40
Compact          INFO  ++ Converted subdetector:ECalEndcap of type GenericCalEndcap_o1_v01 [calorimeter]
ECalEndcap       INFO  +++ Processing SurfaceInstaller for subdetector: 'ECalEndcap'
DD4hep_CaloFaceEndcapSurfacePlugin INFO  install tracking surfaces for :  ECalEndcap 
DocumentHandler  INFO  +++ Loading document URI: /work/rosep8/MuC-Tutorial/reconstruction/MuColl_v1/HCalBarrel_o1_v01_01.xml [Resolved:'/work/rosep8/MuC-Tutorial/reconstruction/MuColl_v1/HCalBarrel_o1_v01_01.xml']
DocumentHandler  INFO  +++ Document /work/rosep8/MuC-Tutorial/reconstruction/MuColl_v1/HCalBarrel_o1_v01_01.xml succesfully parsed with TinyXML .....
[ VERBOSE "InitDD4hep"] Layer: 0 Rmin: 174 layer_pos_z: -78.175 Dist: 174 inner_thickness: 2.1 outer_thickness: 0.55
[ VERBOSE "InitDD4hep"] Layer: 1 Rmin: 174 layer_pos_z: -75.525 Dist: 176.65 inner_thickness: 2.1 outer_thickness: 0.55
[ VERBOSE "InitDD4hep"] Layer: 2 Rmin: 174 layer_pos_z: -72.875 Dist: 179.3 inner_thickness: 2.1 outer_thickness: 0.55
[ VERBOSE "InitDD4hep"] Layer: 3 Rmin: 174 layer_pos_z: -70.225 Dist: 181.95 inner_thickness: 2.1 outer_thickness: 0.55
[ VERBOSE "InitDD4hep"] Layer: 4 Rmin: 174 layer_pos_z: -67.575 Dist: 184.6 inner_thickness: 2.1 outer_thickness: 0.55
[ VERBOSE "InitDD4hep"] Layer: 5 Rmin: 174 layer_pos_z: -64.925 Dist: 187.25 inner_thickness: 2.1 outer_thickness: 0.55
[ VERBOSE "InitDD4hep"] Layer: 6 Rmin: 174 layer_pos_z: -62.275 Dist: 189.9 inner_thickness: 2.1 outer_thickness: 0.55
[ VERBOSE "InitDD4hep"] Layer: 7 Rmin: 174 layer_pos_z: -59.625 Dist: 192.55 inner_thickness: 2.1 outer_thickness: 0.55
[ VERBOSE "InitDD4hep"] Layer: 8 Rmin: 174 layer_pos_z: -56.975 Dist: 195.2 inner_thickness: 2.1 outer_thickness: 0.55
[ VERBOSE "InitDD4hep"] Layer: 9 Rmin: 174 layer_pos_z: -54.325 Dist: 197.85 inner_thickness: 2.1 outer_thickness: 0.55
[ VERBOSE "InitDD4hep"] Layer: 10 Rmin: 174 layer_pos_z: -51.675 Dist: 200.5 inner_thickness: 2.1 outer_thickness: 0.55
[ VERBOSE "InitDD4hep"] Layer: 11 Rmin: 174 layer_pos_z: -49.025 Dist: 203.15 inner_thickness: 2.1 outer_thickness: 0.55
[ VERBOSE "InitDD4hep"] Layer: 12 Rmin: 174 layer_pos_z: -46.375 Dist: 205.8 inner_thickness: 2.1 outer_thickness: 0.55
[ VERBOSE "InitDD4hep"] Layer: 13 Rmin: 174 layer_pos_z: -43.725 Dist: 208.45 inner_thickness: 2.1 outer_thickness: 0.55
[ VERBOSE "InitDD4hep"] Layer: 14 Rmin: 174 layer_pos_z: -41.075 Dist: 211.1 inner_thickness: 2.1 outer_thickness: 0.55
[ VERBOSE "InitDD4hep"] Layer: 15 Rmin: 174 layer_pos_z: -38.425 Dist: 213.75 inner_thickness: 2.1 outer_thickness: 0.55
[ VERBOSE "InitDD4hep"] Layer: 16 Rmin: 174 layer_pos_z: -35.775 Dist: 216.4 inner_thickness: 2.1 outer_thickness: 0.55
[ VERBOSE "InitDD4hep"] Layer: 17 Rmin: 174 layer_pos_z: -33.125 Dist: 219.05 inner_thickness: 2.1 outer_thickness: 0.55
[ VERBOSE "InitDD4hep"] Layer: 18 Rmin: 174 layer_pos_z: -30.475 Dist: 221.7 inner_thickness: 2.1 outer_thickness: 0.55
[ VERBOSE "InitDD4hep"] Layer: 19 Rmin: 174 layer_pos_z: -27.825 Dist: 224.35 inner_thickness: 2.1 outer_thickness: 0.55
[ VERBOSE "InitDD4hep"] Layer: 20 Rmin: 174 layer_pos_z: -25.175 Dist: 227 inner_thickness: 2.1 outer_thickness: 0.55
[ VERBOSE "InitDD4hep"] Layer: 21 Rmin: 174 layer_pos_z: -22.525 Dist: 229.65 inner_thickness: 2.1 outer_thickness: 0.55
[ VERBOSE "InitDD4hep"] Layer: 22 Rmin: 174 layer_pos_z: -19.875 Dist: 232.3 inner_thickness: 2.1 outer_thickness: 0.55
[ VERBOSE "InitDD4hep"] Layer: 23 Rmin: 174 layer_pos_z: -17.225 Dist: 234.95 inner_thickness: 2.1 outer_thickness: 0.55
[ VERBOSE "InitDD4hep"] Layer: 24 Rmin: 174 layer_pos_z: -14.575 Dist: 237.6 inner_thickness: 2.1 outer_thickness: 0.55
[ VERBOSE "InitDD4hep"] Layer: 25 Rmin: 174 layer_pos_z: -11.925 Dist: 240.25 inner_thickness: 2.1 outer_thickness: 0.55
[ VERBOSE "InitDD4hep"] Layer: 26 Rmin: 174 layer_pos_z: -9.275 Dist: 242.9 inner_thickness: 2.1 outer_thickness: 0.55
[ VERBOSE "InitDD4hep"] Layer: 27 Rmin: 174 layer_pos_z: -6.625 Dist: 245.55 inner_thickness: 2.1 outer_thickness: 0.55
[ VERBOSE "InitDD4hep"] Layer: 28 Rmin: 174 layer_pos_z: -3.975 Dist: 248.2 inner_thickness: 2.1 outer_thickness: 0.55
[ VERBOSE "InitDD4hep"] Layer: 29 Rmin: 174 layer_pos_z: -1.325 Dist: 250.85 inner_thickness: 2.1 outer_thickness: 0.55
[ VERBOSE "InitDD4hep"] Layer: 30 Rmin: 174 layer_pos_z: 1.325 Dist: 253.5 inner_thickness: 2.1 outer_thickness: 0.55
[ VERBOSE "InitDD4hep"] Layer: 31 Rmin: 174 layer_pos_z: 3.975 Dist: 256.15 inner_thickness: 2.1 outer_thickness: 0.55
[ VERBOSE "InitDD4hep"] Layer: 32 Rmin: 174 layer_pos_z: 6.625 Dist: 258.8 inner_thickness: 2.1 outer_thickness: 0.55
[ VERBOSE "InitDD4hep"] Layer: 33 Rmin: 174 layer_pos_z: 9.275 Dist: 261.45 inner_thickness: 2.1 outer_thickness: 0.55
[ VERBOSE "InitDD4hep"] Layer: 34 Rmin: 174 layer_pos_z: 11.925 Dist: 264.1 inner_thickness: 2.1 outer_thickness: 0.55
[ VERBOSE "InitDD4hep"] Layer: 35 Rmin: 174 layer_pos_z: 14.575 Dist: 266.75 inner_thickness: 2.1 outer_thickness: 0.55
[ VERBOSE "InitDD4hep"] Layer: 36 Rmin: 174 layer_pos_z: 17.225 Dist: 269.4 inner_thickness: 2.1 outer_thickness: 0.55
[ VERBOSE "InitDD4hep"] Layer: 37 Rmin: 174 layer_pos_z: 19.875 Dist: 272.05 inner_thickness: 2.1 outer_thickness: 0.55
[ VERBOSE "InitDD4hep"] Layer: 38 Rmin: 174 layer_pos_z: 22.525 Dist: 274.7 inner_thickness: 2.1 outer_thickness: 0.55
[ VERBOSE "InitDD4hep"] Layer: 39 Rmin: 174 layer_pos_z: 25.175 Dist: 277.35 inner_thickness: 2.1 outer_thickness: 0.55
[ VERBOSE "InitDD4hep"] Layer: 40 Rmin: 174 layer_pos_z: 27.825 Dist: 280 inner_thickness: 2.1 outer_thickness: 0.55
[ VERBOSE "InitDD4hep"] Layer: 41 Rmin: 174 layer_pos_z: 30.475 Dist: 282.65 inner_thickness: 2.1 outer_thickness: 0.55
[ VERBOSE "InitDD4hep"] Layer: 42 Rmin: 174 layer_pos_z: 33.125 Dist: 285.3 inner_thickness: 2.1 outer_thickness: 0.55
[ VERBOSE "InitDD4hep"] Layer: 43 Rmin: 174 layer_pos_z: 35.775 Dist: 287.95 inner_thickness: 2.1 outer_thickness: 0.55
[ VERBOSE "InitDD4hep"] Layer: 44 Rmin: 174 layer_pos_z: 38.425 Dist: 290.6 inner_thickness: 2.1 outer_thickness: 0.55
[ VERBOSE "InitDD4hep"] Layer: 45 Rmin: 174 layer_pos_z: 41.075 Dist: 293.25 inner_thickness: 2.1 outer_thickness: 0.55
[ VERBOSE "InitDD4hep"] Layer: 46 Rmin: 174 layer_pos_z: 43.725 Dist: 295.9 inner_thickness: 2.1 outer_thickness: 0.55
[ VERBOSE "InitDD4hep"] Layer: 47 Rmin: 174 layer_pos_z: 46.375 Dist: 298.55 inner_thickness: 2.1 outer_thickness: 0.55
[ VERBOSE "InitDD4hep"] Layer: 48 Rmin: 174 layer_pos_z: 49.025 Dist: 301.2 inner_thickness: 2.1 outer_thickness: 0.55
[ VERBOSE "InitDD4hep"] Layer: 49 Rmin: 174 layer_pos_z: 51.675 Dist: 303.85 inner_thickness: 2.1 outer_thickness: 0.55
[ VERBOSE "InitDD4hep"] Layer: 50 Rmin: 174 layer_pos_z: 54.325 Dist: 306.5 inner_thickness: 2.1 outer_thickness: 0.55
[ VERBOSE "InitDD4hep"] Layer: 51 Rmin: 174 layer_pos_z: 56.975 Dist: 309.15 inner_thickness: 2.1 outer_thickness: 0.55
[ VERBOSE "InitDD4hep"] Layer: 52 Rmin: 174 layer_pos_z: 59.625 Dist: 311.8 inner_thickness: 2.1 outer_thickness: 0.55
[ VERBOSE "InitDD4hep"] Layer: 53 Rmin: 174 layer_pos_z: 62.275 Dist: 314.45 inner_thickness: 2.1 outer_thickness: 0.55
[ VERBOSE "InitDD4hep"] Layer: 54 Rmin: 174 layer_pos_z: 64.925 Dist: 317.1 inner_thickness: 2.1 outer_thickness: 0.55
[ VERBOSE "InitDD4hep"] Layer: 55 Rmin: 174 layer_pos_z: 67.575 Dist: 319.75 inner_thickness: 2.1 outer_thickness: 0.55
[ VERBOSE "InitDD4hep"] Layer: 56 Rmin: 174 layer_pos_z: 70.225 Dist: 322.4 inner_thickness: 2.1 outer_thickness: 0.55
[ VERBOSE "InitDD4hep"] Layer: 57 Rmin: 174 layer_pos_z: 72.875 Dist: 325.05 inner_thickness: 2.1 outer_thickness: 0.55
[ VERBOSE "InitDD4hep"] Layer: 58 Rmin: 174 layer_pos_z: 75.525 Dist: 327.7 inner_thickness: 2.1 outer_thickness: 0.55
[ VERBOSE "InitDD4hep"] Layer: 59 Rmin: 174 layer_pos_z: 78.175 Dist: 330.35 inner_thickness: 2.1 outer_thickness: 0.55
Compact          INFO  ++ Converted subdetector:HCalBarrel of type GenericCalBarrel_o1_v01 [calorimeter]
DocumentHandler  INFO  +++ Loading document URI: /work/rosep8/MuC-Tutorial/reconstruction/MuColl_v1/HCalEndcap_o1_v01_01.xml [Resolved:'/work/rosep8/MuC-Tutorial/reconstruction/MuColl_v1/HCalEndcap_o1_v01_01.xml']
DocumentHandler  INFO  +++ Document /work/rosep8/MuC-Tutorial/reconstruction/MuColl_v1/HCalEndcap_o1_v01_01.xml succesfully parsed with TinyXML .....
Utilities        INFO  +++ setDetectorTypeFlags for detector :HCalEndcaps no xml element <type_flags/> found - nothing to set 
Compact          INFO  ++ Converted subdetector:HCalEndcaps of type DD4hep_SubdetectorAssembly 
[ VERBOSE "InitDD4hep"] Number of layers in group 0 : 12
[ VERBOSE "InitDD4hep"] Number of layers in group 1 : 12
[ VERBOSE "InitDD4hep"] Number of layers in group 2 : 12
[ VERBOSE "InitDD4hep"] Number of layers in group 3 : 12
[ VERBOSE "InitDD4hep"] Number of layers in group 4 : 12
Compact          INFO  ++ Converted subdetector:HCalEndcap of type GenericCalEndcap_o2_v01 [calorimeter]
[ VERBOSE "InitDD4hep"] Cutout z width will be  18.55
[ VERBOSE "InitDD4hep"] Number of layers in group 0 : 7
Compact          INFO  ++ Converted subdetector:HCalRing of type GenericCalEndcap_o1_v01 [calorimeter]
DocumentHandler  INFO  +++ Loading document URI: /work/rosep8/MuC-Tutorial/reconstruction/MuColl_v1/Solenoid_o1_v01_01.xml [Resolved:'/work/rosep8/MuC-Tutorial/reconstruction/MuColl_v1/Solenoid_o1_v01_01.xml']
DocumentHandler  INFO  +++ Document /work/rosep8/MuC-Tutorial/reconstruction/MuColl_v1/Solenoid_o1_v01_01.xml succesfully parsed with TinyXML .....
Utilities        INFO  +++ setDetectorTypeFlags for detector :Solenoid no xml element <type_flags/> found - nothing to set 
Compact          INFO  ++ Converted subdetector:Solenoid of type DD4hep_SubdetectorAssembly 
Compact          INFO  ++ Converted subdetector:SolenoidBarrel of type DD4hep_Solenoid_o1_v01 
Compact          INFO  ++ Converted subdetector:SolenoidEndcaps of type DD4hep_DiskTracker 
DocumentHandler  INFO  +++ Loading document URI: /work/rosep8/MuC-Tutorial/reconstruction/MuColl_v1/YokeBarrel_o1_v01_01.xml [Resolved:'/work/rosep8/MuC-Tutorial/reconstruction/MuColl_v1/YokeBarrel_o1_v01_01.xml']
DocumentHandler  INFO  +++ Document /work/rosep8/MuC-Tutorial/reconstruction/MuColl_v1/YokeBarrel_o1_v01_01.xml succesfully parsed with TinyXML .....
[ VERBOSE "InitDD4hep"] Layer: 0 Rmin: 446.1 layer_pos_z: -85.2 Dist: 446.1 inner_thickness: 0.75 outer_thickness: 27.65
[ VERBOSE "InitDD4hep"] Layer: 1 Rmin: 446.1 layer_pos_z: -56.8 Dist: 474.5 inner_thickness: 0.75 outer_thickness: 27.65
[ VERBOSE "InitDD4hep"] Layer: 2 Rmin: 446.1 layer_pos_z: -28.4 Dist: 502.9 inner_thickness: 0.75 outer_thickness: 27.65
[ VERBOSE "InitDD4hep"] Layer: 3 Rmin: 446.1 layer_pos_z: 3.55271e-15 Dist: 531.3 inner_thickness: 0.75 outer_thickness: 27.65
[ VERBOSE "InitDD4hep"] Layer: 4 Rmin: 446.1 layer_pos_z: 28.4 Dist: 559.7 inner_thickness: 0.75 outer_thickness: 27.65
[ VERBOSE "InitDD4hep"] Layer: 5 Rmin: 446.1 layer_pos_z: 56.8 Dist: 588.1 inner_thickness: 0.75 outer_thickness: 27.65
[ VERBOSE "InitDD4hep"] Layer: 6 Rmin: 446.1 layer_pos_z: 85.2 Dist: 616.5 inner_thickness: 0.75 outer_thickness: 27.65
Compact          INFO  ++ Converted subdetector:YokeBarrel of type GenericCalBarrel_o1_v01 [calorimeter]
DocumentHandler  INFO  +++ Loading document URI: /work/rosep8/MuC-Tutorial/reconstruction/MuColl_v1/YokeEndcap_o1_v01_01.xml [Resolved:'/work/rosep8/MuC-Tutorial/reconstruction/MuColl_v1/YokeEndcap_o1_v01_01.xml']
DocumentHandler  INFO  +++ Document /work/rosep8/MuC-Tutorial/reconstruction/MuColl_v1/YokeEndcap_o1_v01_01.xml succesfully parsed with TinyXML .....
[ VERBOSE "InitDD4hep"] Number of layers in group 0 : 1
[ VERBOSE "InitDD4hep"] Number of layers in group 1 : 1
[ VERBOSE "InitDD4hep"] Number of layers in group 2 : 1
[ VERBOSE "InitDD4hep"] Number of layers in group 3 : 1
[ VERBOSE "InitDD4hep"] Number of layers in group 4 : 1
[ VERBOSE "InitDD4hep"] Number of layers in group 5 : 1
[ VERBOSE "InitDD4hep"] Number of layers in group 6 : 1
Compact          INFO  ++ Converted subdetector:YokeEndcap of type GenericCalEndcap_o2_v01 [calorimeter]
Info in <TGeoManager::CheckGeometry>: Fixing runtime shapes...
Info in <TGeoManager::CheckGeometry>: ...Nothing to fix
Info in <TGeoManager::CloseGeometry>: Counting nodes...
Info in <TGeoManager::Voxelize>: Voxelizing...
Info in <TGeoManager::CloseGeometry>: Building cache...
Info in <TGeoManager::CountLevels>: max level = 5, max placements = 27552
Info in <TGeoManager::CloseGeometry>: 1591145 nodes/ 261 volume UID's in Detector Geometry
Info in <TGeoManager::CloseGeometry>: ----------------modeler ready----------------
Compact          INFO  ++ Converted field: Successfully created field GlobalSolenoid [solenoid]
Detector         INFO  +++ Patching names of anonymous shapes....
DD4hepVolumeManager INFO  **** running plugin DD4hepVolumeManager ! 
VolumeManager    INFO   - populating volume ids - be patient ...
VolumeManager    INFO   - populating volume ids - done. 78475 nodes.
VolumeManager    INFO  +++ Volume manager populated and loaded.
InstallSurfaceManager INFO  **** running plugin InstallSurfaceManager ! 
Info in <TGeoManager::Import>: Reading geometry from file: /opt/ilcsoft/muonc/ACTSTracking/v1.0.0/data/MuColl_v1.root
InstallSurfaceManager INFO  --------  SurfaceManager contains the following maps : --------- 
  key: BeampipeInner 	 number of surfaces : 0
  key: BeampipeOuter 	 number of surfaces : 0
  key: BeampipeShell 	 number of surfaces : 4
  key: BeampipeShell2 	 number of surfaces : 4
  key: BeampipeShell3 	 number of surfaces : 1
  key: ECalBarrel 	 number of surfaces : 12
  key: ECalEndcap 	 number of surfaces : 2
  key: HCalBarrel 	 number of surfaces : 0
  key: HCalEndcap 	 number of surfaces : 0
  key: HCalEndcaps 	 number of surfaces : 0
  key: HCalRing 	 number of surfaces : 0
  key: InnerTrackerBarrel 	 number of surfaces : 9032
  key: InnerTrackerBarrelSupport 	 number of surfaces : 4
  key: InnerTrackerEndcap 	 number of surfaces : 1196
  key: InnerTrackerEndcapSupport 	 number of surfaces : 20
  key: InnerTrackerInterlink 	 number of surfaces : 2
  key: InnerTrackerVertexCable 	 number of surfaces : 2
  key: InnerTrackers 	 number of surfaces : 10265
  key: NozzleBCH_left 	 number of surfaces : 0
  key: NozzleBCH_right 	 number of surfaces : 0
  key: NozzleW_left 	 number of surfaces : 0
  key: NozzleW_right 	 number of surfaces : 0
  key: OuterTrackerBarrel 	 number of surfaces : 64512
  key: OuterTrackerBarrelSupport 	 number of surfaces : 3
  key: OuterTrackerEndcap 	 number of surfaces : 1152
  key: OuterTrackerEndcapSupport 	 number of surfaces : 12
  key: OuterTrackers 	 number of surfaces : 65679
  key: Solenoid 	 number of surfaces : 0
  key: SolenoidBarrel 	 number of surfaces : 0
  key: SolenoidEndcaps 	 number of surfaces : 0
  key: Vertex 	 number of surfaces : 1068
  key: VertexBarrel 	 number of surfaces : 810
  key: VertexEndcap 	 number of surfaces : 256
  key: VertexVerticalCable 	 number of surfaces : 2
  key: YokeBarrel 	 number of surfaces : 0
  key: YokeEndcap 	 number of surfaces : 0
  key: calorimeter 	 number of surfaces : 14
  key: compound 	 number of surfaces : 77012
  key: passive 	 number of surfaces : 54
  key: tracker 	 number of surfaces : 76958
  key: world 	 number of surfaces : 154038
---------------------------------------------------------------- 

[ MESSAGE "InitDD4hep"]  ---- instantiated  geometry for detector MuColl_v1
[ MESSAGE "InitDD4hep"]  -------------------------------------
[ MESSAGE "InitDD4hep"]  ---------------------------------------------------------------------------------- 
[ MESSAGE "InitDD4hep"]   LCTrackerCellID::_encoding will set to   system:5,side:-2,layer:6,module:11,sensor:8
[ MESSAGE "InitDD4hep"]   as specified in lccd parameter  : GlobalTrackerReadoutID
[ MESSAGE "InitDD4hep"]  ---------------------------------------------------------------------------------- 
[ MESSAGE "InitDD4hep"] 
[ MESSAGE "CKFTracking"] 
[ MESSAGE "CKFTracking"] ---- CKFTracking -  parameters: 
[ MESSAGE "CKFTracking"] 	CKF_Chi2CutOff:  30
[ MESSAGE "CKFTracking"] 	CKF_NumMeasurementsCutOff:  20
[ MESSAGE "CKFTracking"] 	InitialTrackError_Lambda:  0.0174533
[ MESSAGE "CKFTracking"] 	InitialTrackError_Phi:  0.0174533
[ MESSAGE "CKFTracking"] 	InitialTrackError_Pos:  0.01
[ MESSAGE "CKFTracking"] 	InitialTrackError_RelP:  0.25
[ MESSAGE "CKFTracking"] 	MatFile:  /opt/ilcsoft/muonc/ACTSTracking/v1.0.0/data/material-maps.json
[ MESSAGE "CKFTracking"] 	RunCKF:  true
[ MESSAGE "CKFTracking"] 	SeedCollectionName:  SeedTracks
[ MESSAGE "CKFTracking"] 	SeedFinding_CollisionRegion:  1
[ MESSAGE "CKFTracking"] 	SeedFinding_DeltaRMax:  120
[ MESSAGE "CKFTracking"] 	SeedFinding_DeltaRMin:  1
[ MESSAGE "CKFTracking"] 	SeedFinding_MinPt:  90
[ MESSAGE "CKFTracking"] 	SeedFinding_RMax:  160
[ MESSAGE "CKFTracking"] 	SeedFinding_RadLengthPerSeed:  0.1
[ MESSAGE "CKFTracking"] 	SeedFinding_SigmaScattering:  50
[ MESSAGE "CKFTracking"] 	SeedFinding_ZMax:  600
[ MESSAGE "CKFTracking"] 	SeedingLayers:  13 2 13 6 13 10 13 14 14 2 14 6 14 10 14 14 15 2 15 6 15 10 15 14 
[ MESSAGE "CKFTracking"] 	TGeoFile:  /opt/ilcsoft/muonc/ACTSTracking/v1.0.0/data/MuColl_v1.root
[ MESSAGE "CKFTracking"] 	TrackCollectionName:  AllTracks
[ MESSAGE "CKFTracking"] 	TrackerHitCollectionNames:  VXDTrackerHits VXDEndcapTrackerHits ITrackerHits ITrackerEndcapHits OTrackerHits OTrackerEndcapHits 
[ MESSAGE "CKFTracking"] 	Verbosity:  DEBUG
[ MESSAGE "CKFTracking"] -------------------------------------------------
[ MESSAGE "CKFTracking"]  -------------------------------------
[ MESSAGE "CKFTracking"]  -- Building magnetic field
[ MESSAGE "CKFTracking"]  -- Building tracking detector
Info in <TGeoManager::CloseGeometry>: Geometry loaded from file...
Info in <TGeoManager::SetTopVolume>: Top volume is world_volume. Master volume is world_volume
Info in <TGeoManager::Voxelize>: Voxelizing...
Info in <TGeoManager::CountLevels>: max level = 5, max placements = 27552
Info in <TGeoManager::CloseGeometry>: 1591145 nodes/ 265 volume UID's in Detector Geometry
Info in <TGeoManager::CloseGeometry>: ----------------modeler ready----------------
Warning in <TGeoMatrix::dtor>: Registered matrix ID was removed
Warning in <TGeoMatrix::dtor>: Registered matrix ID was removed
Warning in <TGeoMatrix::dtor>: Registered matrix ID was removed
Warning in <TGeoMatrix::dtor>: Registered matrix ID was removed
Warning in <TGeoMatrix::dtor>: Registered matrix ID was removed
Warning in <TGeoMatrix::dtor>: Registered matrix ID was removed
Warning in <TGeoMatrix::dtor>: Registered matrix ID was removed
Warning in <TGeoMatrix::dtor>: Registered matrix ID was removed
Warning in <TGeoMatrix::dtor>: Registered matrix ID was removed
Warning in <TGeoMatrix::dtor>: Registered matrix ID was removed
Warning in <TGeoMatrix::dtor>: Registered matrix ID was removed
Warning in <TGeoMatrix::dtor>: Registered matrix ID was removed
[ MESSAGE "CKFTracking"]  -------------------------------------
[ MESSAGE "TrackDeduper"] 
[ MESSAGE "TrackDeduper"] ---- TrackDeduper -  parameters: 
[ MESSAGE "TrackDeduper"] 	InputTrackCollectionName:  AllTracks
[ MESSAGE "TrackDeduper"] 	OutputTrackCollectionName:  SiTracks
[ MESSAGE "TrackDeduper"] -------------------------------------------------
[ MESSAGE "Refit"] 
[ MESSAGE "Refit"] ---- Refit -  parameters: 
[ MESSAGE "Refit"] 	EnergyLossOn:  true
[ MESSAGE "Refit"] 	InputRelationCollectionName:  SiTrackRelations
[ MESSAGE "Refit"] 	InputTrackCollectionName:  SiTracks
[ MESSAGE "Refit"] 	Max_Chi2_Incr:  1.79769e+30
[ MESSAGE "Refit"] 	MinClustersOnTrackAfterFit:  1
[ MESSAGE "Refit"] 	MultipleScatteringOn:  true
[ MESSAGE "Refit"] 	NHitsCuts:  1,2 1 3,4 0 5,6 0 
[ MESSAGE "Refit"] 	OutputRelationCollectionName:  SiTracks_Refitted_Relation
[ MESSAGE "Refit"] 	OutputTrackCollectionName:  SiTracks_Refitted
[ MESSAGE "Refit"] 	ReducedChi2Cut:  5
[ MESSAGE "Refit"] 	ReferencePoint:  -1
[ MESSAGE "Refit"] 	SmoothOn:  false
[ MESSAGE "Refit"] 	Verbosity:  MESSAGE
[ MESSAGE "Refit"] 	extrapolateForward:  true
[ MESSAGE "Refit"] -------------------------------------------------
[ MESSAGE "Refit"]  Factory::createMarlinTrkSystem:  creating IMarlinTrkSystem of type "DDKalTest"
[ MESSAGE "Refit"]  MarlinDDKalTest: install IP layer at radius : 115.534
[ VERBOSE "DDCaloDigi"] ECAL sc digi:
[ VERBOSE "DDCaloDigi"] --------------------------------
[ VERBOSE "DDCaloDigi"] DDScintillatorPpdDigi parameters
[ VERBOSE "DDCaloDigi"]  pe_per_mip   = 7
[ VERBOSE "DDCaloDigi"]  calib_mip    = 0.0001
[ VERBOSE "DDCaloDigi"]  npix         = 10000
[ VERBOSE "DDCaloDigi"]  misCalibNpix = 0.05
[ VERBOSE "DDCaloDigi"]  pixSpread    = 0.05
[ VERBOSE "DDCaloDigi"]  elecDynRange = 2500
[ VERBOSE "DDCaloDigi"]  elecNoise    = 0
[ VERBOSE "DDCaloDigi"] --------------------------------
[ VERBOSE "DDCaloDigi"] HCAL sc digi:
[ VERBOSE "DDCaloDigi"] --------------------------------
[ VERBOSE "DDCaloDigi"] DDScintillatorPpdDigi parameters
[ VERBOSE "DDCaloDigi"]  pe_per_mip   = 10
[ VERBOSE "DDCaloDigi"]  calib_mip    = 0.0001
[ VERBOSE "DDCaloDigi"]  npix         = 400
[ VERBOSE "DDCaloDigi"]  misCalibNpix = 0.05
[ VERBOSE "DDCaloDigi"]  pixSpread    = 0
[ VERBOSE "DDCaloDigi"]  elecDynRange = 200
[ VERBOSE "DDCaloDigi"]  elecNoise    = 0
[ VERBOSE "DDCaloDigi"] --------------------------------
[ VERBOSE "DDSimpleMuonDigi"] =================== WARNING ===================
[ VERBOSE "DDSimpleMuonDigi"] static method CellIDDecoder::setDefaultEncoding
[ VERBOSE "DDSimpleMuonDigi"] does nothing anymore. Use the constructor to 
[ VERBOSE "DDSimpleMuonDigi"] specify your encoding string !!
[ VERBOSE "DDSimpleMuonDigi"] ===============================================
[ MESSAGE "FastJetProcessor"] 
[ MESSAGE "FastJetProcessor"] ---- FastJetProcessor -  parameters: 
[ MESSAGE "FastJetProcessor"] 	algorithm:  kt_algorithm 0.7 
[ MESSAGE "FastJetProcessor"] 	clusteringMode:  Inclusive 5 
[ MESSAGE "FastJetProcessor"] 	jetOut:  JetOut
[ MESSAGE "FastJetProcessor"] 	recParticleIn:  PandoraPFOs
[ MESSAGE "FastJetProcessor"] 	recParticleOut:  
[ MESSAGE "FastJetProcessor"] 	recombinationScheme:  E_scheme
[ MESSAGE "FastJetProcessor"] 	storeParticlesInJets:  false
[ MESSAGE "FastJetProcessor"] -------------------------------------------------
[ MESSAGE "FastJetProcessor"] Strategy: Best
[ MESSAGE "FastJetProcessor"] recombination scheme: E_scheme
[ MESSAGE "FastJetProcessor"] Cluster mode: Inclusive
[ MESSAGE "FastJetProcessor"] Algorithms:  kt_algorithm* cambridge_algorithm antikt_algorithm genkt_algorithm cambridge_for_passive_algorithm genkt_for_passive_algorithm ee_kt_algorithm ee_genkt_algorithm SISConePlugin SISConeSphericalPlugin ValenciaPlugin
[ MESSAGE "FastJetProcessor"] jet algorithm: Longitudinally invariant kt algorithm with R = 0.7 and E scheme recombination
[ MESSAGE "FastJetProcessor"] Jet Algorithm: Longitudinally invariant kt algorithm with R = 0.7 and E scheme recombination
[ MESSAGE "FastJetProcessor"] 
[ MESSAGE "MyTauFinder"] 
[ MESSAGE "MyTauFinder"] ---- MyTauFinder -  parameters: 
[ MESSAGE "MyTauFinder"] 	FileName_Signal:  Taus.root
[ MESSAGE "MyTauFinder"] 	PFOCollection:  PandoraPFOs
[ MESSAGE "MyTauFinder"] 	TauRecCollection:  TauRec_PFO
[ MESSAGE "MyTauFinder"] 	TauRecLinkCollectionName:  TauRecLink_PFO
[ MESSAGE "MyTauFinder"] 	TauRecRestCollection:  TauRecRest_PFO
[ MESSAGE "MyTauFinder"] 	Verbosity:  DEBUG
[ MESSAGE "MyTauFinder"] 	cosT_cut:  0.99
[ MESSAGE "MyTauFinder"] 	invariant_mass:  2
[ MESSAGE "MyTauFinder"] 	isolationConeAngle:  0.2
[ MESSAGE "MyTauFinder"] 	isolationEnergy:  5
[ MESSAGE "MyTauFinder"] 	pt_cut:  0.1
[ MESSAGE "MyTauFinder"] 	ptseed:  0
[ MESSAGE "MyTauFinder"] 	searchConeAngle:  0.1
[ MESSAGE "MyTauFinder"] -------------------------------------------------
[ MESSAGE "MyTaJetClustering"] 
[ MESSAGE "MyTaJetClustering"] ---- MyTaJetClustering -  parameters: 
[ MESSAGE "MyTaJetClustering"] 	AcceptFlexibleLowEnergyTrack:  0
[ MESSAGE "MyTaJetClustering"] 	ConeMaxCosAngle:  1
[ MESSAGE "MyTaJetClustering"] 	ConeMaxEnergyFrac:  0.1
[ MESSAGE "MyTaJetClustering"] 	ConeMinCosAngle:  0.9
[ MESSAGE "MyTaJetClustering"] 	MaximumNeutralEnergyIn3Prong:  100
[ MESSAGE "MyTaJetClustering"] 	MinimumJetEnergy:  1
[ MESSAGE "MyTaJetClustering"] 	MinimumTrackEnergy:  1
[ MESSAGE "MyTaJetClustering"] 	MinimumTrackEnergyAssoc:  1
[ MESSAGE "MyTaJetClustering"] 	NoSelection:  0
[ MESSAGE "MyTaJetClustering"] 	OutputTauCollection:  TaJets
[ MESSAGE "MyTaJetClustering"] 	PFOCollection:  PandoraPFOs
[ MESSAGE "MyTaJetClustering"] 	RemainPFOCollection:  RemainPFOs
[ MESSAGE "MyTaJetClustering"] 	TauCosAngle:  0.98
[ MESSAGE "MyTaJetClustering"] 	TauMass:  2
[ MESSAGE "MyTaJetClustering"] 	Verbosity:  DEBUG4
[ MESSAGE "MyTaJetClustering"] -------------------------------------------------
[ MESSAGE "Output_REC"] 
[ MESSAGE "Output_REC"] ---- Output_REC -  parameters: 
[ MESSAGE "Output_REC"] 	DropCollectionTypes:  MCParticles VertexBarrelCollection VertexEndcapCollection InnerTrackerBarrelCollection InnerTrackerEndcapCollection OuterTrackerBarrelCollection OuterTrackerEndcapCollection 
[ MESSAGE "Output_REC"] 	KeepCollectionNames:  VDXTrackerHits VXDEndcapTrackerHits ITrackerHits ITrackerEndcapHits OTrackerHits OTrackerEndcapHits SiTracks JetOut TauRec_PFO 
[ MESSAGE "Output_REC"] 	LCIOOutputFile:  10evtsreco.slcio
[ MESSAGE "Output_REC"] 	LCIOWriteMode:  WRITE_NEW
[ MESSAGE "Output_REC"] 	Verbosity:  DEBUG4
[ MESSAGE "Output_REC"] -------------------------------------------------
[ MESSAGE "EventNumber"]  ===== Run  :       1  Event:       0
[ MESSAGE4 "Refit"]  Number of Tracks 0
[ MESSAGE4 "Refit"]  Final number of tracks 0
[ VERBOSE "DDMarlinPandora"] =================== WARNING ===================
[ VERBOSE "DDMarlinPandora"] static method CellIDDecoder::setDefaultEncoding
[ VERBOSE "DDMarlinPandora"] does nothing anymore. Use the constructor to 
[ VERBOSE "DDMarlinPandora"] specify your encoding string !!
[ VERBOSE "DDMarlinPandora"] ===============================================
[ VERBOSE "DDMarlinPandora"] PhotonReconstructionAlgorithm::CreateRegionsOfInterests - no photon candidates available, no regions of interests created.
[ VERBOSE "DDMarlinPandora"] HighEnergyPhotonRecoveryAlgorithm: Failed to obtain cluster list PhotonClusters
[ VERBOSE "DDMarlinPandora"] SoftClusterMergingAlgorithm: Failed to obtain cluster list PhotonClusters
[ VERBOSE "DDMarlinPandora"] IsolatedHitMergingAlgorithm: Failed to obtain cluster list PhotonClusters
[ VERBOSE "FastJetProcessor"] #--------------------------------------------------------------------------
[ VERBOSE "FastJetProcessor"] #                         FastJet release 3.2.1
[ VERBOSE "FastJetProcessor"] #                 M. Cacciari, G.P. Salam and G. Soyez                  
[ VERBOSE "FastJetProcessor"] #     A software package for jet finding and analysis at colliders      
[ VERBOSE "FastJetProcessor"] #                           http://fastjet.fr                           
[ VERBOSE "FastJetProcessor"] #	                                                                      
[ VERBOSE "FastJetProcessor"] # Please cite EPJC72(2012)1896 [arXiv:1111.6097] if you use this package
[ VERBOSE "FastJetProcessor"] # for scientific work and optionally PLB641(2006)57 [hep-ph/0512210].   
[ VERBOSE "FastJetProcessor"] #                                                                       
[ VERBOSE "FastJetProcessor"] # FastJet is provided without warranty under the terms of the GNU GPLv2.
[ VERBOSE "FastJetProcessor"] # It uses T. Chan's closest pair algorithm, S. Fortune's Voronoi code
[ VERBOSE "FastJetProcessor"] # and 3rd party plugin jet algorithms. See COPYING file for details.
[ VERBOSE "FastJetProcessor"] #--------------------------------------------------------------------------
[ MESSAGE "EventNumber"]  ===== Run  :       1  Event:       1
[ MESSAGE4 "Refit"]  Number of Tracks 0
[ MESSAGE4 "Refit"]  Final number of tracks 0
[ VERBOSE "DDMarlinPandora"] =================== WARNING ===================
[ VERBOSE "DDMarlinPandora"] static method CellIDDecoder::setDefaultEncoding
[ VERBOSE "DDMarlinPandora"] does nothing anymore. Use the constructor to 
[ VERBOSE "DDMarlinPandora"] specify your encoding string !!
[ VERBOSE "DDMarlinPandora"] ===============================================
[ VERBOSE "DDMarlinPandora"] PhotonReconstructionAlgorithm::CreateRegionsOfInterests - no photon candidates available, no regions of interests created.
[ VERBOSE "DDMarlinPandora"] HighEnergyPhotonRecoveryAlgorithm: Failed to obtain cluster list PhotonClusters
[ VERBOSE "DDMarlinPandora"] SoftClusterMergingAlgorithm: Failed to obtain cluster list PhotonClusters
[ VERBOSE "DDMarlinPandora"] IsolatedHitMergingAlgorithm: Failed to obtain cluster list PhotonClusters
[ MESSAGE "EventNumber"]  ===== Run  :       1  Event:       2
[ MESSAGE4 "Refit"]  Number of Tracks 0
[ MESSAGE4 "Refit"]  Final number of tracks 0
[ VERBOSE "DDMarlinPandora"] =================== WARNING ===================
[ VERBOSE "DDMarlinPandora"] static method CellIDDecoder::setDefaultEncoding
[ VERBOSE "DDMarlinPandora"] does nothing anymore. Use the constructor to 
[ VERBOSE "DDMarlinPandora"] specify your encoding string !!
[ VERBOSE "DDMarlinPandora"] ===============================================
[ VERBOSE "DDMarlinPandora"] PhotonReconstructionAlgorithm::CreateRegionsOfInterests - no photon candidates available, no regions of interests created.
[ VERBOSE "DDMarlinPandora"] ClusterPreparationAlgorithm: empty cluster list for subsequent pfo construction.
[ VERBOSE "DDMarlinPandora"] PfoPreparationAlgorithm: empty pfo list for use by subsequent algorithms and client application.
[ WARNING "FastJetProcessor"] lcio::DataNotAvailableException: Collection is there, but its empty!
[ WARNING "FastJetProcessor"] Skipping
[ MESSAGE "EventNumber"]  ===== Run  :       1  Event:       3
[ MESSAGE4 "Refit"]  Number of Tracks 0
[ MESSAGE4 "Refit"]  Final number of tracks 0
[ VERBOSE "DDMarlinPandora"] =================== WARNING ===================
[ VERBOSE "DDMarlinPandora"] static method CellIDDecoder::setDefaultEncoding
[ VERBOSE "DDMarlinPandora"] does nothing anymore. Use the constructor to 
[ VERBOSE "DDMarlinPandora"] specify your encoding string !!
[ VERBOSE "DDMarlinPandora"] ===============================================
[ VERBOSE "DDMarlinPandora"] PhotonReconstructionAlgorithm::CreateRegionsOfInterests - no photon candidates available, no regions of interests created.
[ VERBOSE "DDMarlinPandora"] HighEnergyPhotonRecoveryAlgorithm: Failed to obtain cluster list PhotonClusters
[ VERBOSE "DDMarlinPandora"] SoftClusterMergingAlgorithm: Failed to obtain cluster list PhotonClusters
[ VERBOSE "DDMarlinPandora"] IsolatedHitMergingAlgorithm: Failed to obtain cluster list PhotonClusters
[ VERBOSE "DDMarlinPandora"] PfoPreparationAlgorithm: empty pfo list for use by subsequent algorithms and client application.
[ WARNING "FastJetProcessor"] lcio::DataNotAvailableException: Collection is there, but its empty!
[ WARNING "FastJetProcessor"] Skipping
[ MESSAGE "EventNumber"]  ===== Run  :       1  Event:       4
[ MESSAGE4 "Refit"]  Number of Tracks 0
[ MESSAGE4 "Refit"]  Final number of tracks 0
[ VERBOSE "DDMarlinPandora"] =================== WARNING ===================
[ VERBOSE "DDMarlinPandora"] static method CellIDDecoder::setDefaultEncoding
[ VERBOSE "DDMarlinPandora"] does nothing anymore. Use the constructor to 
[ VERBOSE "DDMarlinPandora"] specify your encoding string !!
[ VERBOSE "DDMarlinPandora"] ===============================================
[ MESSAGE "EventNumber"]  ===== Run  :       1  Event:       5
[ MESSAGE4 "Refit"]  Number of Tracks 0
[ MESSAGE4 "Refit"]  Final number of tracks 0
[ VERBOSE "DDMarlinPandora"] =================== WARNING ===================
[ VERBOSE "DDMarlinPandora"] static method CellIDDecoder::setDefaultEncoding
[ VERBOSE "DDMarlinPandora"] does nothing anymore. Use the constructor to 
[ VERBOSE "DDMarlinPandora"] specify your encoding string !!
[ VERBOSE "DDMarlinPandora"] ===============================================
[ VERBOSE "DDMarlinPandora"] PhotonReconstructionAlgorithm::CreateRegionsOfInterests - no photon candidates available, no regions of interests created.
[ VERBOSE "DDMarlinPandora"] HighEnergyPhotonRecoveryAlgorithm: Failed to obtain cluster list PhotonClusters
[ VERBOSE "DDMarlinPandora"] SoftClusterMergingAlgorithm: Failed to obtain cluster list PhotonClusters
[ VERBOSE "DDMarlinPandora"] IsolatedHitMergingAlgorithm: Failed to obtain cluster list PhotonClusters
[ MESSAGE "EventNumber"]  ===== Run  :       1  Event:       6
[ MESSAGE4 "Refit"]  Number of Tracks 0
[ MESSAGE4 "Refit"]  Final number of tracks 0
[ VERBOSE "DDMarlinPandora"] =================== WARNING ===================
[ VERBOSE "DDMarlinPandora"] static method CellIDDecoder::setDefaultEncoding
[ VERBOSE "DDMarlinPandora"] does nothing anymore. Use the constructor to 
[ VERBOSE "DDMarlinPandora"] specify your encoding string !!
[ VERBOSE "DDMarlinPandora"] ===============================================
[ MESSAGE "EventNumber"]  ===== Run  :       1  Event:       7
[ MESSAGE4 "Refit"]  Number of Tracks 0
[ MESSAGE4 "Refit"]  Final number of tracks 0
[ VERBOSE "DDMarlinPandora"] =================== WARNING ===================
[ VERBOSE "DDMarlinPandora"] static method CellIDDecoder::setDefaultEncoding
[ VERBOSE "DDMarlinPandora"] does nothing anymore. Use the constructor to 
[ VERBOSE "DDMarlinPandora"] specify your encoding string !!
[ VERBOSE "DDMarlinPandora"] ===============================================
[ MESSAGE "EventNumber"]  ===== Run  :       1  Event:       8
[ MESSAGE4 "Refit"]  Number of Tracks 0
[ MESSAGE4 "Refit"]  Final number of tracks 0
[ VERBOSE "DDMarlinPandora"] =================== WARNING ===================
[ VERBOSE "DDMarlinPandora"] static method CellIDDecoder::setDefaultEncoding
[ VERBOSE "DDMarlinPandora"] does nothing anymore. Use the constructor to 
[ VERBOSE "DDMarlinPandora"] specify your encoding string !!
[ VERBOSE "DDMarlinPandora"] ===============================================
[ MESSAGE4 "Output_REC"] 
[ MESSAGE4 "Output_REC"] LCIOOutputProcessor::end()  Output_REC: 9 events in 1 runs written to file  10evtsreco.slcio
[ MESSAGE4 "Output_REC"] 
[ MESSAGE "MyTauFinder"] TauFinder::end()  MyTauFinder processed 9 events in 1 runs 
[ MESSAGE "MyTauFinder"] Reasons for Failure:   
[ MESSAGE "MyTauFinder"] High invariant mass:     0
[ MESSAGE "MyTauFinder"] Negative invariant mass: 0
[ MESSAGE "MyTauFinder"] No or to many tracks:  0
[ MESSAGE "MyTauFinder"] No isolation        :  0
[ MESSAGE "MyTauFinder"] Tried to merge      :  0
[ MESSAGE "FastJetProcessor"] Found jets: 4 (0.571429 per event)  - Skipped Empty events:2 - Skipped Events after max nr of iterations reached: 0 - Skipped Search for Fixed Nr Jets (due to insufficient nr of particles):0
[ MESSAGE "EventNumber"] Statusmonitor::end()  EventNumber processed 9 events in 1 runs 
[ MESSAGE "Marlin"]  --------------------------------------------------------- 
[ MESSAGE "Marlin"]   Events skipped by processors : 
[ MESSAGE "Marlin"]   Total: 0
[ MESSAGE "Marlin"]  --------------------------------------------------------- 
[ MESSAGE "Marlin"] 
[ MESSAGE "Marlin"]  --------------------------------------------------------- 
[ MESSAGE "Marlin"]       Time used by processors ( in processEvent() ) :      
[ MESSAGE "Marlin"] 
[ MESSAGE "Marlin"] Output_REC                           2.317718e+00 s in            9 events  ==> 2.575242e-01 [ s/evt.] 
[ MESSAGE "Marlin"] DDMarlinPandora                      7.544170e-01 s in            9 events  ==> 8.382411e-02 [ s/evt.] 
[ MESSAGE "Marlin"] CKFTracking                          4.130000e-03 s in            9 events  ==> 4.588889e-04 [ s/evt.] 
[ MESSAGE "Marlin"] DDCaloDigi                           3.477000e-03 s in            9 events  ==> 3.863333e-04 [ s/evt.] 
[ MESSAGE "Marlin"] MyTauFinder                          2.930000e-03 s in            9 events  ==> 3.255556e-04 [ s/evt.] 
[ MESSAGE "Marlin"] MyTaJetClustering                    1.593000e-03 s in            9 events  ==> 1.770000e-04 [ s/evt.] 
[ MESSAGE "Marlin"] FastJetProcessor                     1.224000e-03 s in            9 events  ==> 1.360000e-04 [ s/evt.] 
[ MESSAGE "Marlin"] OuterPlanarDigiProcessor             9.860000e-04 s in            9 events  ==> 1.095556e-04 [ s/evt.] 
[ MESSAGE "Marlin"] InnerEndcapPlanarDigiProcessor       7.220000e-04 s in            9 events  ==> 8.022222e-05 [ s/evt.] 
[ MESSAGE "Marlin"] MyAIDAProcessor                      6.770000e-04 s in            9 events  ==> 7.522222e-05 [ s/evt.] 
[ MESSAGE "Marlin"] VXDBarrelDigitiser                   6.300000e-04 s in            9 events  ==> 7.000000e-05 [ s/evt.] 
[ MESSAGE "Marlin"] InnerPlanarDigiProcessor             5.870000e-04 s in            9 events  ==> 6.522222e-05 [ s/evt.] 
[ MESSAGE "Marlin"] OuterEndcapPlanarDigiProcessor       5.710000e-04 s in            9 events  ==> 6.344444e-05 [ s/evt.] 
[ MESSAGE "Marlin"] VXDEndcapDigitiser                   5.350000e-04 s in            9 events  ==> 5.944444e-05 [ s/evt.] 
[ MESSAGE "Marlin"] Refit                                5.000000e-04 s in            9 events  ==> 5.555556e-05 [ s/evt.] 
[ MESSAGE "Marlin"] EventNumber                          1.270000e-04 s in            9 events  ==> 1.411111e-05 [ s/evt.] 
[ MESSAGE "Marlin"] DDSimpleMuonDigi                     1.140000e-04 s in            9 events  ==> 1.266667e-05 [ s/evt.] 
[ MESSAGE "Marlin"] TrackDeduper                         2.000000e-05 s in            9 events  ==> 2.222222e-06 [ s/evt.] 
[ MESSAGE "Marlin"] InitDD4hep                           5.000000e-06 s in            9 events  ==> 5.555556e-07 [ s/evt.] 
[ MESSAGE "Marlin"]             Total:                   3.090963e+00 s in            9 events  ==> 3.434403e-01 [ s/evt.] 
[ MESSAGE "Marlin"]  --------------------------------------------------------- 
