<!-- Loading shared library : /opt/ilcsoft/muonc/MarlinDD4hep/v00-06/lib/libMarlinDD4hep.so.0.6.0 (libMarlinDD4hep.so)-->
<!-- Loading shared library : /opt/ilcsoft/muonc/DDMarlinPandora/v00-13-MC/lib/libDDMarlinPandora.so.0.13.0 (libDDMarlinPandora.so)-->
<!-- Loading shared library : /opt/ilcsoft/muonc/MarlinReco/v01-31/lib/libMarlinReco.so.1.31.0 (libMarlinReco.so)-->
<!-- Loading shared library : /opt/ilcsoft/muonc/PandoraAnalysis/v02-00-01/lib/libPandoraAnalysis.so.2.0.1 (libPandoraAnalysis.so)-->
<!-- Loading shared library : /opt/ilcsoft/muonc/LCFIVertex/v00-08/lib/libLCFIVertexProcessors.so.0.8.0 (libLCFIVertexProcessors.so)-->
<!-- Loading shared library : /opt/ilcsoft/muonc/CEDViewer/v01-18/lib/libCEDViewer.so.1.18.0 (libCEDViewer.so)-->
<!-- Loading shared library : /opt/ilcsoft/muonc/Overlay/v00-23-MC/lib/libOverlay.so.0.23.0 (libOverlay.so)-->
<!-- Loading shared library : /opt/ilcsoft/muonc/MarlinFastJet/v00-05-02/lib/libMarlinFastJet.so.0.5.2 (libMarlinFastJet.so)-->
<!-- Loading shared library : /opt/ilcsoft/muonc/LCTuple/v01-14-MC/lib/libLCTuple.so.1.14.0 (libLCTuple.so)-->
<!-- Loading shared library : /opt/ilcsoft/muonc/MarlinKinfit/v00-06/lib/libMarlinKinfit.so.0.6.0 (libMarlinKinfit.so)-->
<!-- Loading shared library : /opt/ilcsoft/muonc/MarlinTrkProcessors/v02-13-MC/lib/libMarlinTrkProcessors.so.2.13.0 (libMarlinTrkProcessors.so)-->
<!-- Loading shared library : /opt/ilcsoft/muonc/MarlinKinfitProcessors/v00-04-02/lib/libMarlinKinfitProcessors.so.0.4.2 (libMarlinKinfitProcessors.so)-->
<!-- Loading shared library : /opt/ilcsoft/muonc/ILDPerformance/v01-08/lib/libILDPerformance.so.1.8.0 (libILDPerformance.so)-->
<!-- Loading shared library : /opt/ilcsoft/muonc/ClicPerformance/HEAD/lib/libClicPerformance.so.2.4.1 (libClicPerformance.so)-->
<!-- Loading shared library : /opt/ilcsoft/muonc/Clupatra/v01-03/lib/libClupatra.so.1.3.0 (libClupatra.so)-->
<!-- Loading shared library : /opt/ilcsoft/muonc/Physsim/v00-04-01/lib/libPhyssim.so.0.4.1 (libPhyssim.so)-->
<!-- Loading shared library : /opt/ilcsoft/muonc/LCFIPlus/v00-09/lib/libLCFIPlus.so.0.8.0 (libLCFIPlus.so)-->
<!-- Loading shared library : /opt/ilcsoft/muonc/FCalClusterer/v01-00-01/lib/libFCalClusterer.so (libFCalClusterer.so)-->
<!-- Loading shared library : /opt/ilcsoft/muonc/ForwardTracking/v01-14-MC/lib/libForwardTracking.so.1.14.0 (libForwardTracking.so)-->
<!-- Loading shared library : /opt/ilcsoft/muonc/ConformalTracking/v01-12-MC/lib/libConformalTracking.so.1.12.0 (libConformalTracking.so)-->
<!-- Loading shared library : /opt/ilcsoft/muonc/LICH/v00-01/lib/libLICH.so.0.1.0 (libLICH.so)-->
<!-- Loading shared library : /opt/ilcsoft/muonc/Garlic/v03-01/lib/libGarlic.so.3.1.0 (libGarlic.so)-->
<!-- Loading shared library : /opt/ilcsoft/muonc/ACTSTracking/v1.0.0/lib/libACTSTracking.so (libACTSTracking.so)-->
<!-- Loading shared library : /work/rosep8/TauRecoDev/reco/build/libRecoDev.so (libRecoDev.so)-->
<!-- Loading shared library : /work/rosep8/TauRecoDev/analysis/build/libAnaProcessors.so (libAnaProcessors.so)-->
<!-- steering file parameter: [ global.LCIOInputFiles ] will be OVERWRITTEN with value: ["/work/rosep8/TauRecoDev/reco/trkDev_100k.slcio"] -->

[ VERBOSE "MyAIDAProcessor"] ---------------------------------- R A I D A ----------------------------------
[ VERBOSE "MyAIDAProcessor"] ROOT Implementation of the Abstract Interfaces for Data Analysis (AIDA v3.2.1)
[ VERBOSE "MyAIDAProcessor"] 
[ VERBOSE "MyAIDAProcessor"] RAIDA Version: not supported by cvs2svn
[ VERBOSE "MyAIDAProcessor"] 
[ VERBOSE "MyAIDAProcessor"] RAIDA only creates simple ROOT histograms
[ VERBOSE "MyAIDAProcessor"] Used ROOT Release: 6.22/06
[ VERBOSE "MyAIDAProcessor"] -------------------------------------------------------------------------------
[ VERBOSE "MyAIDAProcessor"] 
[ MESSAGE "EventNumber"] 
[ MESSAGE "EventNumber"] ---- EventNumber -  parameters: 
[ MESSAGE "EventNumber"] 	HowOften:  100
[ MESSAGE "EventNumber"] 	Verbosity:  MESSAGE
[ MESSAGE "EventNumber"] -------------------------------------------------
[ WARNING "Marlin"]  --- Marlin.cc - will skip first 4999 event(s)
[ WARNING "Marlin"] 
[ MESSAGE "EventNumber"]  ===== Run  :       0  Event:       0
[ MESSAGE "EventNumber"]  ===== Run  :       1  Event:     100
[ MESSAGE "EventNumber"]  ===== Run  :       1  Event:     200
[ MESSAGE "EventNumber"]  ===== Run  :       1  Event:     300
[ MESSAGE "EventNumber"]  ===== Run  :       1  Event:     400
[ MESSAGE "EventNumber"]  ===== Run  :       1  Event:     500
[ MESSAGE "EventNumber"]  ===== Run  :       1  Event:     600
[ MESSAGE "EventNumber"]  ===== Run  :       1  Event:     700
[ MESSAGE "EventNumber"]  ===== Run  :       1  Event:     800
[ MESSAGE "EventNumber"]  ===== Run  :       1  Event:     900
[ MESSAGE "EventNumber"]  ===== Run  :       1  Event:    1000
[ MESSAGE "EventNumber"]  ===== Run  :       1  Event:    1100
[ MESSAGE "EventNumber"]  ===== Run  :       1  Event:    1200
[ MESSAGE "EventNumber"]  ===== Run  :       1  Event:    1300
[ MESSAGE "EventNumber"]  ===== Run  :       1  Event:    1400
[ MESSAGE "EventNumber"]  ===== Run  :       1  Event:    1500
[ MESSAGE "EventNumber"]  ===== Run  :       1  Event:    1600
[ MESSAGE "EventNumber"]  ===== Run  :       1  Event:    1700
[ MESSAGE "EventNumber"]  ===== Run  :       1  Event:    1800
[ MESSAGE "EventNumber"]  ===== Run  :       1  Event:    1900
[ MESSAGE "EventNumber"]  ===== Run  :       1  Event:    2000
[ MESSAGE "EventNumber"]  ===== Run  :       1  Event:    2100
[ MESSAGE "EventNumber"]  ===== Run  :       1  Event:    2200
[ MESSAGE "EventNumber"]  ===== Run  :       1  Event:    2300
[ MESSAGE "EventNumber"]  ===== Run  :       1  Event:    2400
[ MESSAGE "EventNumber"]  ===== Run  :       1  Event:    2500
[ MESSAGE "EventNumber"]  ===== Run  :       1  Event:    2600
[ MESSAGE "EventNumber"]  ===== Run  :       1  Event:    2700
[ MESSAGE "EventNumber"]  ===== Run  :       1  Event:    2800
[ MESSAGE "EventNumber"]  ===== Run  :       1  Event:    2900
[ MESSAGE "EventNumber"]  ===== Run  :       1  Event:    3000
[ MESSAGE "EventNumber"]  ===== Run  :       1  Event:    3100
[ MESSAGE "EventNumber"]  ===== Run  :       1  Event:    3200
[ MESSAGE "EventNumber"]  ===== Run  :       1  Event:    3300
[ MESSAGE "EventNumber"]  ===== Run  :       1  Event:    3400
[ MESSAGE "EventNumber"]  ===== Run  :       1  Event:    3500
[ MESSAGE "EventNumber"]  ===== Run  :       1  Event:    3600
[ MESSAGE "EventNumber"]  ===== Run  :       1  Event:    3700
[ MESSAGE "EventNumber"]  ===== Run  :       1  Event:    3800
[ MESSAGE "EventNumber"]  ===== Run  :       1  Event:    3900
[ MESSAGE "EventNumber"]  ===== Run  :       1  Event:    4000
[ MESSAGE "EventNumber"]  ===== Run  :       1  Event:    4100
[ MESSAGE "EventNumber"]  ===== Run  :       1  Event:    4200
[ MESSAGE "EventNumber"]  ===== Run  :       1  Event:    4300
[ MESSAGE "EventNumber"]  ===== Run  :       1  Event:    4400
[ MESSAGE "EventNumber"]  ===== Run  :       1  Event:    4500
[ MESSAGE "EventNumber"]  ===== Run  :       1  Event:    4600
[ MESSAGE "EventNumber"]  ===== Run  :       1  Event:    4700
[ MESSAGE "EventNumber"]  ===== Run  :       1  Event:    4800
[ MESSAGE "EventNumber"]  ===== Run  :       1  Event:    4900
[ MESSAGE "EventNumber"]  ===== Run  :       1  Event:    5000
[ MESSAGE "EventNumber"]  ===== Run  :       2  Event:    5100
[ MESSAGE "EventNumber"]  ===== Run  :       2  Event:    5200
[ MESSAGE "EventNumber"]  ===== Run  :       2  Event:    5300
[ MESSAGE "EventNumber"]  ===== Run  :       2  Event:    5400
[ MESSAGE "EventNumber"]  ===== Run  :       2  Event:    5500
[ MESSAGE "EventNumber"]  ===== Run  :       2  Event:    5600
[ MESSAGE "EventNumber"]  ===== Run  :       2  Event:    5700
[ MESSAGE "EventNumber"]  ===== Run  :       2  Event:    5800
[ MESSAGE "EventNumber"]  ===== Run  :       2  Event:    5900
[ VERBOSE "PFOAna"] Too Many PFO: 21
[ VERBOSE "PFOAna"] 4, 3
[ MESSAGE "EventNumber"]  ===== Run  :       2  Event:    6000
[ MESSAGE "EventNumber"]  ===== Run  :       2  Event:    6100
[ MESSAGE "EventNumber"]  ===== Run  :       2  Event:    6200
[ MESSAGE "EventNumber"]  ===== Run  :       2  Event:    6300
[ MESSAGE "EventNumber"]  ===== Run  :       2  Event:    6400
[ MESSAGE "EventNumber"]  ===== Run  :       2  Event:    6500
[ MESSAGE "EventNumber"]  ===== Run  :       2  Event:    6600
[ MESSAGE "EventNumber"]  ===== Run  :       2  Event:    6700
[ MESSAGE "EventNumber"]  ===== Run  :       2  Event:    6800
[ MESSAGE "EventNumber"]  ===== Run  :       2  Event:    6900
[ MESSAGE "EventNumber"]  ===== Run  :       2  Event:    7000
[ MESSAGE "EventNumber"]  ===== Run  :       2  Event:    7100
[ MESSAGE "EventNumber"]  ===== Run  :       2  Event:    7200
[ MESSAGE "EventNumber"]  ===== Run  :       2  Event:    7300
[ MESSAGE "EventNumber"]  ===== Run  :       2  Event:    7400
[ MESSAGE "EventNumber"]  ===== Run  :       2  Event:    7500
[ MESSAGE "EventNumber"]  ===== Run  :       2  Event:    7600
[ MESSAGE "EventNumber"]  ===== Run  :       2  Event:    7700
[ MESSAGE "EventNumber"]  ===== Run  :       2  Event:    7800
[ MESSAGE "EventNumber"]  ===== Run  :       2  Event:    7900
[ MESSAGE "EventNumber"]  ===== Run  :       2  Event:    8000
[ MESSAGE "EventNumber"]  ===== Run  :       2  Event:    8100
[ MESSAGE "EventNumber"]  ===== Run  :       2  Event:    8200
[ MESSAGE "EventNumber"]  ===== Run  :       2  Event:    8300
[ MESSAGE "EventNumber"]  ===== Run  :       2  Event:    8400
[ MESSAGE "EventNumber"]  ===== Run  :       2  Event:    8500
[ MESSAGE "EventNumber"]  ===== Run  :       2  Event:    8600
[ MESSAGE "EventNumber"]  ===== Run  :       2  Event:    8700
[ MESSAGE "EventNumber"]  ===== Run  :       2  Event:    8800
[ MESSAGE "EventNumber"]  ===== Run  :       2  Event:    8900
[ MESSAGE "EventNumber"]  ===== Run  :       2  Event:    9000
[ MESSAGE "EventNumber"]  ===== Run  :       2  Event:    9100
[ MESSAGE "EventNumber"]  ===== Run  :       2  Event:    9200
[ MESSAGE "EventNumber"]  ===== Run  :       2  Event:    9300
[ MESSAGE "EventNumber"]  ===== Run  :       2  Event:    9400
[ MESSAGE "EventNumber"]  ===== Run  :       2  Event:    9500
[ MESSAGE "EventNumber"]  ===== Run  :       2  Event:    9600
[ MESSAGE "EventNumber"]  ===== Run  :       2  Event:    9700
[ MESSAGE "EventNumber"]  ===== Run  :       2  Event:    9800
[ MESSAGE "EventNumber"]  ===== Run  :       2  Event:    9900
[ MESSAGE "EventNumber"]  ===== Run  :       2  Event:   10000
[ MESSAGE "EventNumber"]  ===== Run  :       3  Event:   10100
[ MESSAGE "EventNumber"]  ===== Run  :       3  Event:   10200
[ MESSAGE "EventNumber"]  ===== Run  :       3  Event:   10300
[ MESSAGE "EventNumber"]  ===== Run  :       3  Event:   10400
[ MESSAGE "EventNumber"]  ===== Run  :       3  Event:   10500
[ MESSAGE "EventNumber"]  ===== Run  :       3  Event:   10600
[ MESSAGE "EventNumber"]  ===== Run  :       3  Event:   10700
[ MESSAGE "EventNumber"]  ===== Run  :       3  Event:   10800
[ MESSAGE "EventNumber"]  ===== Run  :       3  Event:   10900
[ MESSAGE "EventNumber"]  ===== Run  :       3  Event:   11000
[ MESSAGE "EventNumber"]  ===== Run  :       3  Event:   11100
[ MESSAGE "EventNumber"]  ===== Run  :       3  Event:   11200
[ MESSAGE "EventNumber"]  ===== Run  :       3  Event:   11300
[ MESSAGE "EventNumber"]  ===== Run  :       3  Event:   11400
[ MESSAGE "EventNumber"]  ===== Run  :       3  Event:   11500
[ MESSAGE "EventNumber"]  ===== Run  :       3  Event:   11600
[ MESSAGE "EventNumber"]  ===== Run  :       3  Event:   11700
[ MESSAGE "EventNumber"]  ===== Run  :       3  Event:   11800
[ MESSAGE "EventNumber"]  ===== Run  :       3  Event:   11900
[ MESSAGE "EventNumber"]  ===== Run  :       3  Event:   12000
[ MESSAGE "EventNumber"]  ===== Run  :       3  Event:   12100
[ MESSAGE "EventNumber"]  ===== Run  :       3  Event:   12200
[ MESSAGE "EventNumber"]  ===== Run  :       3  Event:   12300
[ MESSAGE "EventNumber"]  ===== Run  :       3  Event:   12400
[ MESSAGE "EventNumber"]  ===== Run  :       3  Event:   12500
[ MESSAGE "EventNumber"]  ===== Run  :       3  Event:   12600
[ MESSAGE "EventNumber"]  ===== Run  :       3  Event:   12700
[ MESSAGE "EventNumber"]  ===== Run  :       3  Event:   12800
[ MESSAGE "EventNumber"]  ===== Run  :       3  Event:   12900
[ MESSAGE "EventNumber"]  ===== Run  :       3  Event:   13000
[ MESSAGE "EventNumber"]  ===== Run  :       3  Event:   13100
[ MESSAGE "EventNumber"]  ===== Run  :       3  Event:   13200
[ MESSAGE "EventNumber"]  ===== Run  :       3  Event:   13300
[ MESSAGE "EventNumber"]  ===== Run  :       3  Event:   13400
[ MESSAGE "EventNumber"]  ===== Run  :       3  Event:   13500
[ MESSAGE "EventNumber"]  ===== Run  :       3  Event:   13600
[ MESSAGE "EventNumber"]  ===== Run  :       3  Event:   13700
[ MESSAGE "EventNumber"]  ===== Run  :       3  Event:   13800
[ MESSAGE "EventNumber"]  ===== Run  :       3  Event:   13900
[ MESSAGE "EventNumber"]  ===== Run  :       3  Event:   14000
[ MESSAGE "EventNumber"]  ===== Run  :       3  Event:   14100
[ MESSAGE "EventNumber"]  ===== Run  :       3  Event:   14200
[ MESSAGE "EventNumber"]  ===== Run  :       3  Event:   14300
[ MESSAGE "EventNumber"]  ===== Run  :       3  Event:   14400
[ MESSAGE "EventNumber"]  ===== Run  :       3  Event:   14500
[ MESSAGE "EventNumber"]  ===== Run  :       3  Event:   14600
[ MESSAGE "EventNumber"]  ===== Run  :       3  Event:   14700
[ MESSAGE "EventNumber"]  ===== Run  :       3  Event:   14800
[ MESSAGE "EventNumber"]  ===== Run  :       3  Event:   14900
[ MESSAGE "EventNumber"]  ===== Run  :       3  Event:   15000
[ MESSAGE "EventNumber"]  ===== Run  :       4  Event:   15100
[ MESSAGE "EventNumber"]  ===== Run  :       4  Event:   15200
[ MESSAGE "EventNumber"]  ===== Run  :       4  Event:   15300
[ MESSAGE "EventNumber"]  ===== Run  :       4  Event:   15400
[ MESSAGE "EventNumber"]  ===== Run  :       4  Event:   15500
[ MESSAGE "EventNumber"]  ===== Run  :       4  Event:   15600
[ MESSAGE "EventNumber"]  ===== Run  :       4  Event:   15700
[ MESSAGE "EventNumber"]  ===== Run  :       4  Event:   15800
[ MESSAGE "EventNumber"]  ===== Run  :       4  Event:   15900
[ MESSAGE "EventNumber"]  ===== Run  :       4  Event:   16000
[ MESSAGE "EventNumber"]  ===== Run  :       4  Event:   16100
[ MESSAGE "EventNumber"]  ===== Run  :       4  Event:   16200
[ MESSAGE "EventNumber"]  ===== Run  :       4  Event:   16300
[ MESSAGE "EventNumber"]  ===== Run  :       4  Event:   16400
[ MESSAGE "EventNumber"]  ===== Run  :       4  Event:   16500
[ MESSAGE "EventNumber"]  ===== Run  :       4  Event:   16600
[ MESSAGE "EventNumber"]  ===== Run  :       4  Event:   16700
[ MESSAGE "EventNumber"]  ===== Run  :       4  Event:   16800
[ MESSAGE "EventNumber"]  ===== Run  :       4  Event:   16900
[ MESSAGE "EventNumber"]  ===== Run  :       4  Event:   17000
[ MESSAGE "EventNumber"]  ===== Run  :       4  Event:   17100
[ MESSAGE "EventNumber"]  ===== Run  :       4  Event:   17200
[ MESSAGE "EventNumber"]  ===== Run  :       4  Event:   17300
[ MESSAGE "EventNumber"]  ===== Run  :       4  Event:   17400
[ MESSAGE "EventNumber"]  ===== Run  :       4  Event:   17500
[ MESSAGE "EventNumber"]  ===== Run  :       4  Event:   17600
[ MESSAGE "EventNumber"]  ===== Run  :       4  Event:   17700
[ MESSAGE "EventNumber"]  ===== Run  :       4  Event:   17800
[ MESSAGE "EventNumber"]  ===== Run  :       4  Event:   17900
[ MESSAGE "EventNumber"]  ===== Run  :       4  Event:   18000
[ MESSAGE "EventNumber"]  ===== Run  :       4  Event:   18100
[ MESSAGE "EventNumber"]  ===== Run  :       4  Event:   18200
[ MESSAGE "EventNumber"]  ===== Run  :       4  Event:   18300
[ MESSAGE "EventNumber"]  ===== Run  :       4  Event:   18400
[ MESSAGE "EventNumber"]  ===== Run  :       4  Event:   18500
[ MESSAGE "EventNumber"]  ===== Run  :       4  Event:   18600
[ MESSAGE "EventNumber"]  ===== Run  :       4  Event:   18700
[ MESSAGE "EventNumber"]  ===== Run  :       4  Event:   18800
[ MESSAGE "EventNumber"]  ===== Run  :       4  Event:   18900
[ MESSAGE "EventNumber"]  ===== Run  :       4  Event:   19000
[ MESSAGE "EventNumber"]  ===== Run  :       4  Event:   19100
[ MESSAGE "EventNumber"]  ===== Run  :       4  Event:   19200
[ MESSAGE "EventNumber"]  ===== Run  :       4  Event:   19300
[ MESSAGE "EventNumber"]  ===== Run  :       4  Event:   19400
[ MESSAGE "EventNumber"]  ===== Run  :       4  Event:   19500
[ MESSAGE "EventNumber"]  ===== Run  :       4  Event:   19600
[ MESSAGE "EventNumber"]  ===== Run  :       4  Event:   19700
[ MESSAGE "EventNumber"]  ===== Run  :       4  Event:   19800
[ MESSAGE "EventNumber"]  ===== Run  :       4  Event:   19900
[ MESSAGE "EventNumber"]  ===== Run  :       4  Event:   20000
[ MESSAGE "EventNumber"]  ===== Run  :       5  Event:   20100
[ MESSAGE "EventNumber"]  ===== Run  :       5  Event:   20200
[ MESSAGE "EventNumber"]  ===== Run  :       5  Event:   20300
[ MESSAGE "EventNumber"]  ===== Run  :       5  Event:   20400
[ MESSAGE "EventNumber"]  ===== Run  :       5  Event:   20500
[ MESSAGE "EventNumber"]  ===== Run  :       5  Event:   20600
[ MESSAGE "EventNumber"]  ===== Run  :       5  Event:   20700
[ MESSAGE "EventNumber"]  ===== Run  :       5  Event:   20800
[ MESSAGE "EventNumber"]  ===== Run  :       5  Event:   20900
[ MESSAGE "EventNumber"]  ===== Run  :       5  Event:   21000
[ MESSAGE "EventNumber"]  ===== Run  :       5  Event:   21100
[ MESSAGE "EventNumber"]  ===== Run  :       5  Event:   21200
[ MESSAGE "EventNumber"]  ===== Run  :       5  Event:   21300
[ MESSAGE "EventNumber"]  ===== Run  :       5  Event:   21400
[ MESSAGE "EventNumber"]  ===== Run  :       5  Event:   21500
[ MESSAGE "EventNumber"]  ===== Run  :       5  Event:   21600
[ MESSAGE "EventNumber"]  ===== Run  :       5  Event:   21700
[ MESSAGE "EventNumber"]  ===== Run  :       5  Event:   21800
[ MESSAGE "EventNumber"]  ===== Run  :       5  Event:   21900
[ MESSAGE "EventNumber"]  ===== Run  :       5  Event:   22000
[ MESSAGE "EventNumber"]  ===== Run  :       5  Event:   22100
[ MESSAGE "EventNumber"]  ===== Run  :       5  Event:   22200
[ MESSAGE "EventNumber"]  ===== Run  :       5  Event:   22300
[ MESSAGE "EventNumber"]  ===== Run  :       5  Event:   22400
[ MESSAGE "EventNumber"]  ===== Run  :       5  Event:   22500
[ MESSAGE "EventNumber"]  ===== Run  :       5  Event:   22600
[ MESSAGE "EventNumber"]  ===== Run  :       5  Event:   22700
[ MESSAGE "EventNumber"]  ===== Run  :       5  Event:   22800
[ MESSAGE "EventNumber"]  ===== Run  :       5  Event:   22900
[ MESSAGE "EventNumber"]  ===== Run  :       5  Event:   23000
[ MESSAGE "EventNumber"]  ===== Run  :       5  Event:   23100
[ MESSAGE "EventNumber"]  ===== Run  :       5  Event:   23200
[ MESSAGE "EventNumber"]  ===== Run  :       5  Event:   23300
[ MESSAGE "EventNumber"]  ===== Run  :       5  Event:   23400
[ MESSAGE "EventNumber"]  ===== Run  :       5  Event:   23500
[ MESSAGE "EventNumber"]  ===== Run  :       5  Event:   23600
[ MESSAGE "EventNumber"]  ===== Run  :       5  Event:   23700
[ MESSAGE "EventNumber"]  ===== Run  :       5  Event:   23800
[ MESSAGE "EventNumber"]  ===== Run  :       5  Event:   23900
[ MESSAGE "EventNumber"]  ===== Run  :       5  Event:   24000
[ MESSAGE "EventNumber"]  ===== Run  :       5  Event:   24100
[ MESSAGE "EventNumber"]  ===== Run  :       5  Event:   24200
[ MESSAGE "EventNumber"]  ===== Run  :       5  Event:   24300
[ MESSAGE "EventNumber"]  ===== Run  :       5  Event:   24400
[ MESSAGE "EventNumber"]  ===== Run  :       5  Event:   24500
[ MESSAGE "EventNumber"]  ===== Run  :       5  Event:   24600
[ MESSAGE "EventNumber"]  ===== Run  :       5  Event:   24700
[ MESSAGE "EventNumber"]  ===== Run  :       5  Event:   24800
[ MESSAGE "EventNumber"]  ===== Run  :       5  Event:   24900
[ MESSAGE "EventNumber"]  ===== Run  :       5  Event:   25000
[ MESSAGE "EventNumber"]  ===== Run  :       6  Event:   25100
[ MESSAGE "EventNumber"]  ===== Run  :       6  Event:   25200
[ MESSAGE "EventNumber"]  ===== Run  :       6  Event:   25300
[ MESSAGE "EventNumber"]  ===== Run  :       6  Event:   25400
[ MESSAGE "EventNumber"]  ===== Run  :       6  Event:   25500
[ MESSAGE "EventNumber"]  ===== Run  :       6  Event:   25600
[ MESSAGE "EventNumber"]  ===== Run  :       6  Event:   25700
[ MESSAGE "EventNumber"]  ===== Run  :       6  Event:   25800
[ MESSAGE "EventNumber"]  ===== Run  :       6  Event:   25900
[ MESSAGE "EventNumber"]  ===== Run  :       6  Event:   26000
[ MESSAGE "EventNumber"]  ===== Run  :       6  Event:   26100
[ MESSAGE "EventNumber"]  ===== Run  :       6  Event:   26200
[ MESSAGE "EventNumber"]  ===== Run  :       6  Event:   26300
[ MESSAGE "EventNumber"]  ===== Run  :       6  Event:   26400
[ MESSAGE "EventNumber"]  ===== Run  :       6  Event:   26500
[ MESSAGE "EventNumber"]  ===== Run  :       6  Event:   26600
[ VERBOSE "PFOAna"] Too Many PFO: 73
[ VERBOSE "PFOAna"] 4, 3
[ MESSAGE "EventNumber"]  ===== Run  :       6  Event:   26700
[ MESSAGE "EventNumber"]  ===== Run  :       6  Event:   26800
[ MESSAGE "EventNumber"]  ===== Run  :       6  Event:   26900
[ MESSAGE "EventNumber"]  ===== Run  :       6  Event:   27000
[ MESSAGE "EventNumber"]  ===== Run  :       6  Event:   27100
[ MESSAGE "EventNumber"]  ===== Run  :       6  Event:   27200
[ MESSAGE "EventNumber"]  ===== Run  :       6  Event:   27300
[ MESSAGE "EventNumber"]  ===== Run  :       6  Event:   27400
[ MESSAGE "EventNumber"]  ===== Run  :       6  Event:   27500
[ MESSAGE "EventNumber"]  ===== Run  :       6  Event:   27600
[ MESSAGE "EventNumber"]  ===== Run  :       6  Event:   27700
[ MESSAGE "EventNumber"]  ===== Run  :       6  Event:   27800
[ MESSAGE "EventNumber"]  ===== Run  :       6  Event:   27900
[ MESSAGE "EventNumber"]  ===== Run  :       6  Event:   28000
[ MESSAGE "EventNumber"]  ===== Run  :       6  Event:   28100
[ MESSAGE "EventNumber"]  ===== Run  :       6  Event:   28200
[ MESSAGE "EventNumber"]  ===== Run  :       6  Event:   28300
[ MESSAGE "EventNumber"]  ===== Run  :       6  Event:   28400
[ MESSAGE "EventNumber"]  ===== Run  :       6  Event:   28500
[ MESSAGE "EventNumber"]  ===== Run  :       6  Event:   28600
[ MESSAGE "EventNumber"]  ===== Run  :       6  Event:   28700
[ MESSAGE "EventNumber"]  ===== Run  :       6  Event:   28800
[ MESSAGE "EventNumber"]  ===== Run  :       6  Event:   28900
[ MESSAGE "EventNumber"]  ===== Run  :       6  Event:   29000
[ MESSAGE "EventNumber"]  ===== Run  :       6  Event:   29100
[ VERBOSE "PFOAna"] Too Many PFO: 91
[ VERBOSE "PFOAna"] 4, 3
[ MESSAGE "EventNumber"]  ===== Run  :       6  Event:   29200
[ MESSAGE "EventNumber"]  ===== Run  :       6  Event:   29300
[ MESSAGE "EventNumber"]  ===== Run  :       6  Event:   29400
[ MESSAGE "EventNumber"]  ===== Run  :       6  Event:   29500
[ MESSAGE "EventNumber"]  ===== Run  :       6  Event:   29600
[ MESSAGE "EventNumber"]  ===== Run  :       6  Event:   29700
[ MESSAGE "EventNumber"]  ===== Run  :       6  Event:   29800
[ MESSAGE "EventNumber"]  ===== Run  :       6  Event:   29900
[ MESSAGE "EventNumber"]  ===== Run  :       6  Event:   30000
[ MESSAGE "EventNumber"]  ===== Run  :       7  Event:   30100
[ MESSAGE "EventNumber"]  ===== Run  :       7  Event:   30200
[ MESSAGE "EventNumber"]  ===== Run  :       7  Event:   30300
[ MESSAGE "EventNumber"]  ===== Run  :       7  Event:   30400
[ MESSAGE "EventNumber"]  ===== Run  :       7  Event:   30500
[ MESSAGE "EventNumber"]  ===== Run  :       7  Event:   30600
[ MESSAGE "EventNumber"]  ===== Run  :       7  Event:   30700
[ MESSAGE "EventNumber"]  ===== Run  :       7  Event:   30800
[ MESSAGE "EventNumber"]  ===== Run  :       7  Event:   30900
[ MESSAGE "EventNumber"]  ===== Run  :       7  Event:   31000
[ VERBOSE "PFOAna"] Too Many PFO: 84
[ VERBOSE "PFOAna"] 4, 3
[ MESSAGE "EventNumber"]  ===== Run  :       7  Event:   31100
[ MESSAGE "EventNumber"]  ===== Run  :       7  Event:   31200
[ MESSAGE "EventNumber"]  ===== Run  :       7  Event:   31300
[ MESSAGE "EventNumber"]  ===== Run  :       7  Event:   31400
[ MESSAGE "EventNumber"]  ===== Run  :       7  Event:   31500
[ MESSAGE "EventNumber"]  ===== Run  :       7  Event:   31600
[ MESSAGE "EventNumber"]  ===== Run  :       7  Event:   31700
[ MESSAGE "EventNumber"]  ===== Run  :       7  Event:   31800
[ MESSAGE "EventNumber"]  ===== Run  :       7  Event:   31900
[ MESSAGE "EventNumber"]  ===== Run  :       7  Event:   32000
[ MESSAGE "EventNumber"]  ===== Run  :       7  Event:   32100
[ MESSAGE "EventNumber"]  ===== Run  :       7  Event:   32200
[ MESSAGE "EventNumber"]  ===== Run  :       7  Event:   32300
[ MESSAGE "EventNumber"]  ===== Run  :       7  Event:   32400
[ MESSAGE "EventNumber"]  ===== Run  :       7  Event:   32500
[ MESSAGE "EventNumber"]  ===== Run  :       7  Event:   32600
[ MESSAGE "EventNumber"]  ===== Run  :       7  Event:   32700
[ MESSAGE "EventNumber"]  ===== Run  :       7  Event:   32800
[ MESSAGE "EventNumber"]  ===== Run  :       7  Event:   32900
[ MESSAGE "EventNumber"]  ===== Run  :       7  Event:   33000
[ MESSAGE "EventNumber"]  ===== Run  :       7  Event:   33100
[ MESSAGE "EventNumber"]  ===== Run  :       7  Event:   33200
[ MESSAGE "EventNumber"]  ===== Run  :       7  Event:   33300
[ MESSAGE "EventNumber"]  ===== Run  :       7  Event:   33400
[ MESSAGE "EventNumber"]  ===== Run  :       7  Event:   33500
[ MESSAGE "EventNumber"]  ===== Run  :       7  Event:   33600
[ MESSAGE "EventNumber"]  ===== Run  :       7  Event:   33700
[ MESSAGE "EventNumber"]  ===== Run  :       7  Event:   33800
[ MESSAGE "EventNumber"]  ===== Run  :       7  Event:   33900
[ MESSAGE "EventNumber"]  ===== Run  :       7  Event:   34000
[ MESSAGE "EventNumber"]  ===== Run  :       7  Event:   34100
[ MESSAGE "EventNumber"]  ===== Run  :       7  Event:   34200
[ MESSAGE "EventNumber"]  ===== Run  :       7  Event:   34300
[ MESSAGE "EventNumber"]  ===== Run  :       7  Event:   34400
[ MESSAGE "EventNumber"]  ===== Run  :       7  Event:   34500
[ MESSAGE "EventNumber"]  ===== Run  :       7  Event:   34600
[ MESSAGE "EventNumber"]  ===== Run  :       7  Event:   34700
[ MESSAGE "EventNumber"]  ===== Run  :       7  Event:   34800
[ MESSAGE "EventNumber"]  ===== Run  :       7  Event:   34900
[ MESSAGE "EventNumber"]  ===== Run  :       7  Event:   35000
[ MESSAGE "EventNumber"]  ===== Run  :       8  Event:   35100
[ MESSAGE "EventNumber"]  ===== Run  :       8  Event:   35200
[ MESSAGE "EventNumber"]  ===== Run  :       8  Event:   35300
[ MESSAGE "EventNumber"]  ===== Run  :       8  Event:   35400
[ MESSAGE "EventNumber"]  ===== Run  :       8  Event:   35500
[ MESSAGE "EventNumber"]  ===== Run  :       8  Event:   35600
[ MESSAGE "EventNumber"]  ===== Run  :       8  Event:   35700
[ MESSAGE "EventNumber"]  ===== Run  :       8  Event:   35800
[ MESSAGE "EventNumber"]  ===== Run  :       8  Event:   35900
[ MESSAGE "EventNumber"]  ===== Run  :       8  Event:   36000
[ MESSAGE "EventNumber"]  ===== Run  :       8  Event:   36100
[ MESSAGE "EventNumber"]  ===== Run  :       8  Event:   36200
[ MESSAGE "EventNumber"]  ===== Run  :       8  Event:   36300
[ MESSAGE "EventNumber"]  ===== Run  :       8  Event:   36400
[ MESSAGE "EventNumber"]  ===== Run  :       8  Event:   36500
[ MESSAGE "EventNumber"]  ===== Run  :       8  Event:   36600
[ MESSAGE "EventNumber"]  ===== Run  :       8  Event:   36700
[ MESSAGE "EventNumber"]  ===== Run  :       8  Event:   36800
[ MESSAGE "EventNumber"]  ===== Run  :       8  Event:   36900
[ MESSAGE "EventNumber"]  ===== Run  :       8  Event:   37000
[ MESSAGE "EventNumber"]  ===== Run  :       8  Event:   37100
[ VERBOSE "PFOAna"] Too Many PFO: 35
[ VERBOSE "PFOAna"] 4, 3
[ MESSAGE "EventNumber"]  ===== Run  :       8  Event:   37200
[ MESSAGE "EventNumber"]  ===== Run  :       8  Event:   37300
[ MESSAGE "EventNumber"]  ===== Run  :       8  Event:   37400
[ MESSAGE "EventNumber"]  ===== Run  :       8  Event:   37500
[ MESSAGE "EventNumber"]  ===== Run  :       8  Event:   37600
[ MESSAGE "EventNumber"]  ===== Run  :       8  Event:   37700
[ MESSAGE "EventNumber"]  ===== Run  :       8  Event:   37800
[ MESSAGE "EventNumber"]  ===== Run  :       8  Event:   37900
[ MESSAGE "EventNumber"]  ===== Run  :       8  Event:   38000
[ MESSAGE "EventNumber"]  ===== Run  :       8  Event:   38100
[ MESSAGE "EventNumber"]  ===== Run  :       8  Event:   38200
[ MESSAGE "EventNumber"]  ===== Run  :       8  Event:   38300
[ MESSAGE "EventNumber"]  ===== Run  :       8  Event:   38400
[ MESSAGE "EventNumber"]  ===== Run  :       8  Event:   38500
[ MESSAGE "EventNumber"]  ===== Run  :       8  Event:   38600
[ MESSAGE "EventNumber"]  ===== Run  :       8  Event:   38700
[ MESSAGE "EventNumber"]  ===== Run  :       8  Event:   38800
[ MESSAGE "EventNumber"]  ===== Run  :       8  Event:   38900
[ MESSAGE "EventNumber"]  ===== Run  :       8  Event:   39000
[ MESSAGE "EventNumber"]  ===== Run  :       8  Event:   39100
[ MESSAGE "EventNumber"]  ===== Run  :       8  Event:   39200
[ MESSAGE "EventNumber"]  ===== Run  :       8  Event:   39300
[ MESSAGE "EventNumber"]  ===== Run  :       8  Event:   39400
[ MESSAGE "EventNumber"]  ===== Run  :       8  Event:   39500
[ MESSAGE "EventNumber"]  ===== Run  :       8  Event:   39600
[ MESSAGE "EventNumber"]  ===== Run  :       8  Event:   39700
[ MESSAGE "EventNumber"]  ===== Run  :       8  Event:   39800
[ MESSAGE "EventNumber"]  ===== Run  :       8  Event:   39900
[ MESSAGE "EventNumber"]  ===== Run  :       8  Event:   40000
[ MESSAGE "EventNumber"]  ===== Run  :       9  Event:   40100
[ MESSAGE "EventNumber"]  ===== Run  :       9  Event:   40200
[ MESSAGE "EventNumber"]  ===== Run  :       9  Event:   40300
[ MESSAGE "EventNumber"]  ===== Run  :       9  Event:   40400
[ MESSAGE "EventNumber"]  ===== Run  :       9  Event:   40500
[ MESSAGE "EventNumber"]  ===== Run  :       9  Event:   40600
[ MESSAGE "EventNumber"]  ===== Run  :       9  Event:   40700
[ MESSAGE "EventNumber"]  ===== Run  :       9  Event:   40800
[ MESSAGE "EventNumber"]  ===== Run  :       9  Event:   40900
[ MESSAGE "EventNumber"]  ===== Run  :       9  Event:   41000
[ MESSAGE "EventNumber"]  ===== Run  :       9  Event:   41100
[ MESSAGE "EventNumber"]  ===== Run  :       9  Event:   41200
[ MESSAGE "EventNumber"]  ===== Run  :       9  Event:   41300
[ MESSAGE "EventNumber"]  ===== Run  :       9  Event:   41400
[ MESSAGE "EventNumber"]  ===== Run  :       9  Event:   41500
[ MESSAGE "EventNumber"]  ===== Run  :       9  Event:   41600
[ MESSAGE "EventNumber"]  ===== Run  :       9  Event:   41700
[ MESSAGE "EventNumber"]  ===== Run  :       9  Event:   41800
[ MESSAGE "EventNumber"]  ===== Run  :       9  Event:   41900
[ MESSAGE "EventNumber"]  ===== Run  :       9  Event:   42000
[ MESSAGE "EventNumber"]  ===== Run  :       9  Event:   42100
[ MESSAGE "EventNumber"]  ===== Run  :       9  Event:   42200
[ MESSAGE "EventNumber"]  ===== Run  :       9  Event:   42300
[ MESSAGE "EventNumber"]  ===== Run  :       9  Event:   42400
[ MESSAGE "EventNumber"]  ===== Run  :       9  Event:   42500
[ MESSAGE "EventNumber"]  ===== Run  :       9  Event:   42600
[ MESSAGE "EventNumber"]  ===== Run  :       9  Event:   42700
[ MESSAGE "EventNumber"]  ===== Run  :       9  Event:   42800
[ MESSAGE "EventNumber"]  ===== Run  :       9  Event:   42900
[ MESSAGE "EventNumber"]  ===== Run  :       9  Event:   43000
[ MESSAGE "EventNumber"]  ===== Run  :       9  Event:   43100
[ MESSAGE "EventNumber"]  ===== Run  :       9  Event:   43200
[ MESSAGE "EventNumber"]  ===== Run  :       9  Event:   43300
[ MESSAGE "EventNumber"]  ===== Run  :       9  Event:   43400
[ MESSAGE "EventNumber"]  ===== Run  :       9  Event:   43500
[ MESSAGE "EventNumber"]  ===== Run  :       9  Event:   43600
[ MESSAGE "EventNumber"]  ===== Run  :       9  Event:   43700
[ MESSAGE "EventNumber"]  ===== Run  :       9  Event:   43800
[ MESSAGE "EventNumber"]  ===== Run  :       9  Event:   43900
[ MESSAGE "EventNumber"]  ===== Run  :       9  Event:   44000
[ MESSAGE "EventNumber"]  ===== Run  :       9  Event:   44100
[ MESSAGE "EventNumber"]  ===== Run  :       9  Event:   44200
[ MESSAGE "EventNumber"]  ===== Run  :       9  Event:   44300
[ MESSAGE "EventNumber"]  ===== Run  :       9  Event:   44400
[ MESSAGE "EventNumber"]  ===== Run  :       9  Event:   44500
[ MESSAGE "EventNumber"]  ===== Run  :       9  Event:   44600
[ MESSAGE "EventNumber"]  ===== Run  :       9  Event:   44700
[ MESSAGE "EventNumber"]  ===== Run  :       9  Event:   44800
[ MESSAGE "EventNumber"]  ===== Run  :       9  Event:   44900
[ MESSAGE "EventNumber"]  ===== Run  :       9  Event:   45000
[ MESSAGE "EventNumber"]  ===== Run  :      10  Event:   45100
[ MESSAGE "EventNumber"]  ===== Run  :      10  Event:   45200
[ MESSAGE "EventNumber"]  ===== Run  :      10  Event:   45300
[ MESSAGE "EventNumber"]  ===== Run  :      10  Event:   45400
[ MESSAGE "EventNumber"]  ===== Run  :      10  Event:   45500
[ MESSAGE "EventNumber"]  ===== Run  :      10  Event:   45600
[ MESSAGE "EventNumber"]  ===== Run  :      10  Event:   45700
[ MESSAGE "EventNumber"]  ===== Run  :      10  Event:   45800
[ MESSAGE "EventNumber"]  ===== Run  :      10  Event:   45900
[ MESSAGE "EventNumber"]  ===== Run  :      10  Event:   46000
[ MESSAGE "EventNumber"]  ===== Run  :      10  Event:   46100
[ MESSAGE "EventNumber"]  ===== Run  :      10  Event:   46200
[ MESSAGE "EventNumber"]  ===== Run  :      10  Event:   46300
[ MESSAGE "EventNumber"]  ===== Run  :      10  Event:   46400
[ MESSAGE "EventNumber"]  ===== Run  :      10  Event:   46500
[ MESSAGE "EventNumber"]  ===== Run  :      10  Event:   46600
[ MESSAGE "EventNumber"]  ===== Run  :      10  Event:   46700
[ VERBOSE "PFOAna"] Too Many PFO: 95
[ VERBOSE "PFOAna"] 5, 3
[ MESSAGE "EventNumber"]  ===== Run  :      10  Event:   46800
[ MESSAGE "EventNumber"]  ===== Run  :      10  Event:   46900
[ MESSAGE "EventNumber"]  ===== Run  :      10  Event:   47000
[ MESSAGE "EventNumber"]  ===== Run  :      10  Event:   47100
[ MESSAGE "EventNumber"]  ===== Run  :      10  Event:   47200
[ MESSAGE "EventNumber"]  ===== Run  :      10  Event:   47300
[ MESSAGE "EventNumber"]  ===== Run  :      10  Event:   47400
[ MESSAGE "EventNumber"]  ===== Run  :      10  Event:   47500
[ MESSAGE "EventNumber"]  ===== Run  :      10  Event:   47600
[ MESSAGE "EventNumber"]  ===== Run  :      10  Event:   47700
[ MESSAGE "EventNumber"]  ===== Run  :      10  Event:   47800
[ MESSAGE "EventNumber"]  ===== Run  :      10  Event:   47900
[ MESSAGE "EventNumber"]  ===== Run  :      10  Event:   48000
[ MESSAGE "EventNumber"]  ===== Run  :      10  Event:   48100
[ VERBOSE "PFOAna"] Too Many PFO: 52
[ VERBOSE "PFOAna"] 3, 2
[ MESSAGE "EventNumber"]  ===== Run  :      10  Event:   48200
[ MESSAGE "EventNumber"]  ===== Run  :      10  Event:   48300
[ MESSAGE "EventNumber"]  ===== Run  :      10  Event:   48400
[ MESSAGE "EventNumber"]  ===== Run  :      10  Event:   48500
[ MESSAGE "EventNumber"]  ===== Run  :      10  Event:   48600
[ MESSAGE "EventNumber"]  ===== Run  :      10  Event:   48700
[ MESSAGE "EventNumber"]  ===== Run  :      10  Event:   48800
[ MESSAGE "EventNumber"]  ===== Run  :      10  Event:   48900
[ MESSAGE "EventNumber"]  ===== Run  :      10  Event:   49000
[ MESSAGE "EventNumber"]  ===== Run  :      10  Event:   49100
[ MESSAGE "EventNumber"]  ===== Run  :      10  Event:   49200
[ MESSAGE "EventNumber"]  ===== Run  :      10  Event:   49300
[ VERBOSE "PFOAna"] Too Many PFO: 15
[ VERBOSE "PFOAna"] 4, 3
[ MESSAGE "EventNumber"]  ===== Run  :      10  Event:   49400
[ MESSAGE "EventNumber"]  ===== Run  :      10  Event:   49500
[ MESSAGE "EventNumber"]  ===== Run  :      10  Event:   49600
[ MESSAGE "EventNumber"]  ===== Run  :      10  Event:   49700
[ MESSAGE "EventNumber"]  ===== Run  :      10  Event:   49800
[ MESSAGE "EventNumber"]  ===== Run  :      10  Event:   49900
[ MESSAGE "EventNumber"]  ===== Run  :      10  Event:   50000
[ MESSAGE "EventNumber"]  ===== Run  :      11  Event:   50100
[ MESSAGE "EventNumber"]  ===== Run  :      11  Event:   50200
[ MESSAGE "EventNumber"]  ===== Run  :      11  Event:   50300
[ MESSAGE "EventNumber"]  ===== Run  :      11  Event:   50400
[ MESSAGE "EventNumber"]  ===== Run  :      11  Event:   50500
[ MESSAGE "EventNumber"]  ===== Run  :      11  Event:   50600
[ MESSAGE "EventNumber"]  ===== Run  :      11  Event:   50700
[ MESSAGE "EventNumber"]  ===== Run  :      11  Event:   50800
[ MESSAGE "EventNumber"]  ===== Run  :      11  Event:   50900
[ MESSAGE "EventNumber"]  ===== Run  :      11  Event:   51000
[ MESSAGE "EventNumber"]  ===== Run  :      11  Event:   51100
[ MESSAGE "EventNumber"]  ===== Run  :      11  Event:   51200
[ MESSAGE "EventNumber"]  ===== Run  :      11  Event:   51300
[ MESSAGE "EventNumber"]  ===== Run  :      11  Event:   51400
[ MESSAGE "EventNumber"]  ===== Run  :      11  Event:   51500
[ MESSAGE "EventNumber"]  ===== Run  :      11  Event:   51600
[ MESSAGE "EventNumber"]  ===== Run  :      11  Event:   51700
[ MESSAGE "EventNumber"]  ===== Run  :      11  Event:   51800
[ MESSAGE "EventNumber"]  ===== Run  :      11  Event:   51900
[ MESSAGE "EventNumber"]  ===== Run  :      11  Event:   52000
[ MESSAGE "EventNumber"]  ===== Run  :      11  Event:   52100
[ MESSAGE "EventNumber"]  ===== Run  :      11  Event:   52200
[ MESSAGE "EventNumber"]  ===== Run  :      11  Event:   52300
[ MESSAGE "EventNumber"]  ===== Run  :      11  Event:   52400
[ MESSAGE "EventNumber"]  ===== Run  :      11  Event:   52500
[ MESSAGE "EventNumber"]  ===== Run  :      11  Event:   52600
[ MESSAGE "EventNumber"]  ===== Run  :      11  Event:   52700
[ MESSAGE "EventNumber"]  ===== Run  :      11  Event:   52800
[ MESSAGE "EventNumber"]  ===== Run  :      11  Event:   52900
[ MESSAGE "EventNumber"]  ===== Run  :      11  Event:   53000
[ MESSAGE "EventNumber"]  ===== Run  :      11  Event:   53100
[ MESSAGE "EventNumber"]  ===== Run  :      11  Event:   53200
[ MESSAGE "EventNumber"]  ===== Run  :      11  Event:   53300
[ MESSAGE "EventNumber"]  ===== Run  :      11  Event:   53400
[ MESSAGE "EventNumber"]  ===== Run  :      11  Event:   53500
[ MESSAGE "EventNumber"]  ===== Run  :      11  Event:   53600
[ MESSAGE "EventNumber"]  ===== Run  :      11  Event:   53700
[ MESSAGE "EventNumber"]  ===== Run  :      11  Event:   53800
[ MESSAGE "EventNumber"]  ===== Run  :      11  Event:   53900
[ MESSAGE "EventNumber"]  ===== Run  :      11  Event:   54000
[ MESSAGE "EventNumber"]  ===== Run  :      11  Event:   54100
[ MESSAGE "EventNumber"]  ===== Run  :      11  Event:   54200
[ MESSAGE "EventNumber"]  ===== Run  :      11  Event:   54300
[ MESSAGE "EventNumber"]  ===== Run  :      11  Event:   54400
[ MESSAGE "EventNumber"]  ===== Run  :      11  Event:   54500
[ MESSAGE "EventNumber"]  ===== Run  :      11  Event:   54600
[ MESSAGE "EventNumber"]  ===== Run  :      11  Event:   54700
[ MESSAGE "EventNumber"]  ===== Run  :      11  Event:   54800
[ MESSAGE "EventNumber"]  ===== Run  :      11  Event:   54900
[ MESSAGE "EventNumber"]  ===== Run  :      11  Event:   55000
[ MESSAGE "EventNumber"]  ===== Run  :      12  Event:   55100
[ MESSAGE "EventNumber"]  ===== Run  :      12  Event:   55200
[ MESSAGE "EventNumber"]  ===== Run  :      12  Event:   55300
[ MESSAGE "EventNumber"]  ===== Run  :      12  Event:   55400
[ MESSAGE "EventNumber"]  ===== Run  :      12  Event:   55500
[ MESSAGE "EventNumber"]  ===== Run  :      12  Event:   55600
[ MESSAGE "EventNumber"]  ===== Run  :      12  Event:   55700
[ MESSAGE "EventNumber"]  ===== Run  :      12  Event:   55800
[ MESSAGE "EventNumber"]  ===== Run  :      12  Event:   55900
[ MESSAGE "EventNumber"]  ===== Run  :      12  Event:   56000
[ MESSAGE "EventNumber"]  ===== Run  :      12  Event:   56100
[ MESSAGE "EventNumber"]  ===== Run  :      12  Event:   56200
[ MESSAGE "EventNumber"]  ===== Run  :      12  Event:   56300
[ MESSAGE "EventNumber"]  ===== Run  :      12  Event:   56400
[ MESSAGE "EventNumber"]  ===== Run  :      12  Event:   56500
[ MESSAGE "EventNumber"]  ===== Run  :      12  Event:   56600
[ MESSAGE "EventNumber"]  ===== Run  :      12  Event:   56700
[ MESSAGE "EventNumber"]  ===== Run  :      12  Event:   56800
[ MESSAGE "EventNumber"]  ===== Run  :      12  Event:   56900
[ MESSAGE "EventNumber"]  ===== Run  :      12  Event:   57000
[ MESSAGE "EventNumber"]  ===== Run  :      12  Event:   57100
[ MESSAGE "EventNumber"]  ===== Run  :      12  Event:   57200
[ MESSAGE "EventNumber"]  ===== Run  :      12  Event:   57300
[ MESSAGE "EventNumber"]  ===== Run  :      12  Event:   57400
[ MESSAGE "EventNumber"]  ===== Run  :      12  Event:   57500
[ MESSAGE "EventNumber"]  ===== Run  :      12  Event:   57600
[ MESSAGE "EventNumber"]  ===== Run  :      12  Event:   57700
[ MESSAGE "EventNumber"]  ===== Run  :      12  Event:   57800
[ MESSAGE "EventNumber"]  ===== Run  :      12  Event:   57900
[ MESSAGE "EventNumber"]  ===== Run  :      12  Event:   58000
[ MESSAGE "EventNumber"]  ===== Run  :      12  Event:   58100
[ MESSAGE "EventNumber"]  ===== Run  :      12  Event:   58200
[ MESSAGE "EventNumber"]  ===== Run  :      12  Event:   58300
[ MESSAGE "EventNumber"]  ===== Run  :      12  Event:   58400
[ MESSAGE "EventNumber"]  ===== Run  :      12  Event:   58500
[ MESSAGE "EventNumber"]  ===== Run  :      12  Event:   58600
[ MESSAGE "EventNumber"]  ===== Run  :      12  Event:   58700
[ MESSAGE "EventNumber"]  ===== Run  :      12  Event:   58800
[ MESSAGE "EventNumber"]  ===== Run  :      12  Event:   58900
[ MESSAGE "EventNumber"]  ===== Run  :      12  Event:   59000
[ MESSAGE "EventNumber"]  ===== Run  :      12  Event:   59100
[ MESSAGE "EventNumber"]  ===== Run  :      12  Event:   59200
[ MESSAGE "EventNumber"]  ===== Run  :      12  Event:   59300
[ MESSAGE "EventNumber"]  ===== Run  :      12  Event:   59400
[ MESSAGE "EventNumber"]  ===== Run  :      12  Event:   59500
[ MESSAGE "EventNumber"]  ===== Run  :      12  Event:   59600
[ MESSAGE "EventNumber"]  ===== Run  :      12  Event:   59700
[ MESSAGE "EventNumber"]  ===== Run  :      12  Event:   59800
[ MESSAGE "EventNumber"]  ===== Run  :      12  Event:   59900
[ MESSAGE "EventNumber"]  ===== Run  :      12  Event:   60000
[ MESSAGE "EventNumber"]  ===== Run  :      13  Event:   60100
[ MESSAGE "EventNumber"]  ===== Run  :      13  Event:   60200
[ MESSAGE "EventNumber"]  ===== Run  :      13  Event:   60300
[ MESSAGE "EventNumber"]  ===== Run  :      13  Event:   60400
[ MESSAGE "EventNumber"]  ===== Run  :      13  Event:   60500
[ MESSAGE "EventNumber"]  ===== Run  :      13  Event:   60600
[ MESSAGE "EventNumber"]  ===== Run  :      13  Event:   60700
[ MESSAGE "EventNumber"]  ===== Run  :      13  Event:   60800
[ MESSAGE "EventNumber"]  ===== Run  :      13  Event:   60900
[ MESSAGE "EventNumber"]  ===== Run  :      13  Event:   61000
[ MESSAGE "EventNumber"]  ===== Run  :      13  Event:   61100
[ MESSAGE "EventNumber"]  ===== Run  :      13  Event:   61200
[ MESSAGE "EventNumber"]  ===== Run  :      13  Event:   61300
[ MESSAGE "EventNumber"]  ===== Run  :      13  Event:   61400
[ MESSAGE "EventNumber"]  ===== Run  :      13  Event:   61500
[ MESSAGE "EventNumber"]  ===== Run  :      13  Event:   61600
[ MESSAGE "EventNumber"]  ===== Run  :      13  Event:   61700
[ MESSAGE "EventNumber"]  ===== Run  :      13  Event:   61800
[ MESSAGE "EventNumber"]  ===== Run  :      13  Event:   61900
[ MESSAGE "EventNumber"]  ===== Run  :      13  Event:   62000
[ MESSAGE "EventNumber"]  ===== Run  :      13  Event:   62100
[ MESSAGE "EventNumber"]  ===== Run  :      13  Event:   62200
[ MESSAGE "EventNumber"]  ===== Run  :      13  Event:   62300
[ MESSAGE "EventNumber"]  ===== Run  :      13  Event:   62400
[ MESSAGE "EventNumber"]  ===== Run  :      13  Event:   62500
[ MESSAGE "EventNumber"]  ===== Run  :      13  Event:   62600
[ MESSAGE "EventNumber"]  ===== Run  :      13  Event:   62700
[ MESSAGE "EventNumber"]  ===== Run  :      13  Event:   62800
[ MESSAGE "EventNumber"]  ===== Run  :      13  Event:   62900
[ MESSAGE "EventNumber"]  ===== Run  :      13  Event:   63000
[ MESSAGE "EventNumber"]  ===== Run  :      13  Event:   63100
[ MESSAGE "EventNumber"]  ===== Run  :      13  Event:   63200
[ MESSAGE "EventNumber"]  ===== Run  :      13  Event:   63300
[ MESSAGE "EventNumber"]  ===== Run  :      13  Event:   63400
[ VERBOSE "PFOAna"] Too Many PFO: 23
[ VERBOSE "PFOAna"] 6, 4
[ MESSAGE "EventNumber"]  ===== Run  :      13  Event:   63500
[ MESSAGE "EventNumber"]  ===== Run  :      13  Event:   63600
[ MESSAGE "EventNumber"]  ===== Run  :      13  Event:   63700
[ MESSAGE "EventNumber"]  ===== Run  :      13  Event:   63800
[ MESSAGE "EventNumber"]  ===== Run  :      13  Event:   63900
[ MESSAGE "EventNumber"]  ===== Run  :      13  Event:   64000
[ MESSAGE "EventNumber"]  ===== Run  :      13  Event:   64100
[ MESSAGE "EventNumber"]  ===== Run  :      13  Event:   64200
[ MESSAGE "EventNumber"]  ===== Run  :      13  Event:   64300
[ MESSAGE "EventNumber"]  ===== Run  :      13  Event:   64400
[ MESSAGE "EventNumber"]  ===== Run  :      13  Event:   64500
[ MESSAGE "EventNumber"]  ===== Run  :      13  Event:   64600
[ MESSAGE "EventNumber"]  ===== Run  :      13  Event:   64700
[ MESSAGE "EventNumber"]  ===== Run  :      13  Event:   64800
[ MESSAGE "EventNumber"]  ===== Run  :      13  Event:   64900
[ MESSAGE "EventNumber"]  ===== Run  :      13  Event:   65000
[ MESSAGE "EventNumber"]  ===== Run  :      14  Event:   65100
[ MESSAGE "EventNumber"]  ===== Run  :      14  Event:   65200
[ MESSAGE "EventNumber"]  ===== Run  :      14  Event:   65300
[ MESSAGE "EventNumber"]  ===== Run  :      14  Event:   65400
[ MESSAGE "EventNumber"]  ===== Run  :      14  Event:   65500
[ MESSAGE "EventNumber"]  ===== Run  :      14  Event:   65600
[ MESSAGE "EventNumber"]  ===== Run  :      14  Event:   65700
[ MESSAGE "EventNumber"]  ===== Run  :      14  Event:   65800
[ MESSAGE "EventNumber"]  ===== Run  :      14  Event:   65900
[ MESSAGE "EventNumber"]  ===== Run  :      14  Event:   66000
[ MESSAGE "EventNumber"]  ===== Run  :      14  Event:   66100
[ MESSAGE "EventNumber"]  ===== Run  :      14  Event:   66200
[ MESSAGE "EventNumber"]  ===== Run  :      14  Event:   66300
[ MESSAGE "EventNumber"]  ===== Run  :      14  Event:   66400
[ MESSAGE "EventNumber"]  ===== Run  :      14  Event:   66500
[ MESSAGE "EventNumber"]  ===== Run  :      14  Event:   66600
[ MESSAGE "EventNumber"]  ===== Run  :      14  Event:   66700
[ MESSAGE "EventNumber"]  ===== Run  :      14  Event:   66800
[ MESSAGE "EventNumber"]  ===== Run  :      14  Event:   66900
[ MESSAGE "EventNumber"]  ===== Run  :      14  Event:   67000
[ VERBOSE "PFOAna"] Too Many PFO: 60
[ VERBOSE "PFOAna"] 4, 3
[ MESSAGE "EventNumber"]  ===== Run  :      14  Event:   67100
[ MESSAGE "EventNumber"]  ===== Run  :      14  Event:   67200
[ MESSAGE "EventNumber"]  ===== Run  :      14  Event:   67300
[ MESSAGE "EventNumber"]  ===== Run  :      14  Event:   67400
[ MESSAGE "EventNumber"]  ===== Run  :      14  Event:   67500
[ MESSAGE "EventNumber"]  ===== Run  :      14  Event:   67600
[ MESSAGE "EventNumber"]  ===== Run  :      14  Event:   67700
[ MESSAGE "EventNumber"]  ===== Run  :      14  Event:   67800
[ MESSAGE "EventNumber"]  ===== Run  :      14  Event:   67900
[ MESSAGE "EventNumber"]  ===== Run  :      14  Event:   68000
[ MESSAGE "EventNumber"]  ===== Run  :      14  Event:   68100
[ VERBOSE "PFOAna"] Too Many PFO: 76
[ VERBOSE "PFOAna"] 3, 2
[ MESSAGE "EventNumber"]  ===== Run  :      14  Event:   68200
[ MESSAGE "EventNumber"]  ===== Run  :      14  Event:   68300
[ VERBOSE "PFOAna"] Too Many PFO: 49
[ VERBOSE "PFOAna"] 6, 5
[ MESSAGE "EventNumber"]  ===== Run  :      14  Event:   68400
[ MESSAGE "EventNumber"]  ===== Run  :      14  Event:   68500
[ MESSAGE "EventNumber"]  ===== Run  :      14  Event:   68600
[ MESSAGE "EventNumber"]  ===== Run  :      14  Event:   68700
[ MESSAGE "EventNumber"]  ===== Run  :      14  Event:   68800
[ MESSAGE "EventNumber"]  ===== Run  :      14  Event:   68900
[ MESSAGE "EventNumber"]  ===== Run  :      14  Event:   69000
[ MESSAGE "EventNumber"]  ===== Run  :      14  Event:   69100
[ MESSAGE "EventNumber"]  ===== Run  :      14  Event:   69200
[ MESSAGE "EventNumber"]  ===== Run  :      14  Event:   69300
[ MESSAGE "EventNumber"]  ===== Run  :      14  Event:   69400
[ MESSAGE "EventNumber"]  ===== Run  :      14  Event:   69500
[ MESSAGE "EventNumber"]  ===== Run  :      14  Event:   69600
[ MESSAGE "EventNumber"]  ===== Run  :      14  Event:   69700
[ MESSAGE "EventNumber"]  ===== Run  :      14  Event:   69800
[ MESSAGE "EventNumber"]  ===== Run  :      14  Event:   69900
[ MESSAGE "EventNumber"]  ===== Run  :      14  Event:   70000
[ MESSAGE "EventNumber"]  ===== Run  :      15  Event:   70100
[ MESSAGE "EventNumber"]  ===== Run  :      15  Event:   70200
[ MESSAGE "EventNumber"]  ===== Run  :      15  Event:   70300
[ MESSAGE "EventNumber"]  ===== Run  :      15  Event:   70400
[ MESSAGE "EventNumber"]  ===== Run  :      15  Event:   70500
[ MESSAGE "EventNumber"]  ===== Run  :      15  Event:   70600
[ MESSAGE "EventNumber"]  ===== Run  :      15  Event:   70700
[ MESSAGE "EventNumber"]  ===== Run  :      15  Event:   70800
[ MESSAGE "EventNumber"]  ===== Run  :      15  Event:   70900
[ MESSAGE "EventNumber"]  ===== Run  :      15  Event:   71000
[ MESSAGE "EventNumber"]  ===== Run  :      15  Event:   71100
[ MESSAGE "EventNumber"]  ===== Run  :      15  Event:   71200
[ MESSAGE "EventNumber"]  ===== Run  :      15  Event:   71300
[ MESSAGE "EventNumber"]  ===== Run  :      15  Event:   71400
[ MESSAGE "EventNumber"]  ===== Run  :      15  Event:   71500
[ MESSAGE "EventNumber"]  ===== Run  :      15  Event:   71600
[ MESSAGE "EventNumber"]  ===== Run  :      15  Event:   71700
[ MESSAGE "EventNumber"]  ===== Run  :      15  Event:   71800
[ MESSAGE "EventNumber"]  ===== Run  :      15  Event:   71900
[ MESSAGE "EventNumber"]  ===== Run  :      15  Event:   72000
[ MESSAGE "EventNumber"]  ===== Run  :      15  Event:   72100
[ MESSAGE "EventNumber"]  ===== Run  :      15  Event:   72200
[ MESSAGE "EventNumber"]  ===== Run  :      15  Event:   72300
[ MESSAGE "EventNumber"]  ===== Run  :      15  Event:   72400
[ MESSAGE "EventNumber"]  ===== Run  :      15  Event:   72500
[ MESSAGE "EventNumber"]  ===== Run  :      15  Event:   72600
[ MESSAGE "EventNumber"]  ===== Run  :      15  Event:   72700
[ MESSAGE "EventNumber"]  ===== Run  :      15  Event:   72800
[ MESSAGE "EventNumber"]  ===== Run  :      15  Event:   72900
[ MESSAGE "EventNumber"]  ===== Run  :      15  Event:   73000
[ MESSAGE "EventNumber"]  ===== Run  :      15  Event:   73100
[ MESSAGE "EventNumber"]  ===== Run  :      15  Event:   73200
[ MESSAGE "EventNumber"]  ===== Run  :      15  Event:   73300
[ MESSAGE "EventNumber"]  ===== Run  :      15  Event:   73400
[ MESSAGE "EventNumber"]  ===== Run  :      15  Event:   73500
[ MESSAGE "EventNumber"]  ===== Run  :      15  Event:   73600
[ MESSAGE "EventNumber"]  ===== Run  :      15  Event:   73700
[ MESSAGE "EventNumber"]  ===== Run  :      15  Event:   73800
[ MESSAGE "EventNumber"]  ===== Run  :      15  Event:   73900
[ MESSAGE "EventNumber"]  ===== Run  :      15  Event:   74000
[ MESSAGE "EventNumber"]  ===== Run  :      15  Event:   74100
[ MESSAGE "EventNumber"]  ===== Run  :      15  Event:   74200
[ MESSAGE "EventNumber"]  ===== Run  :      15  Event:   74300
[ MESSAGE "EventNumber"]  ===== Run  :      15  Event:   74400
[ MESSAGE "EventNumber"]  ===== Run  :      15  Event:   74500
[ MESSAGE "EventNumber"]  ===== Run  :      15  Event:   74600
[ MESSAGE "EventNumber"]  ===== Run  :      15  Event:   74700
[ MESSAGE "EventNumber"]  ===== Run  :      15  Event:   74800
[ MESSAGE "EventNumber"]  ===== Run  :      15  Event:   74900
[ MESSAGE "EventNumber"]  ===== Run  :      15  Event:   75000
[ MESSAGE "EventNumber"] Statusmonitor::end()  EventNumber processed 75001 events in 15 runs 
